#
# A fatal error has been detected by the Java Runtime Environment:
#
#  EXCEPTION_ACCESS_VIOLATION (0xc0000005) at pc=0x00007ffdf997db64, pid=7756, tid=3836
#
# JRE version: Java(TM) SE Runtime Environment (21.0.1+12) (build 21.0.1+12-LTS-29)
# Java VM: Java HotSpot(TM) 64-Bit Server VM (21.0.1+12-LTS-29, mixed mode, sharing, tiered, compressed oops, compressed class ptrs, g1 gc, windows-amd64)
# Problematic frame:
# V  [jvm.dll+0x43db64]
#
# No core dump will be written. Minidumps are not enabled by default on client versions of Windows
#
# If you would like to submit a bug report, please visit:
#   https://bugreport.java.com/bugreport/crash.jsp
#

---------------  S U M M A R Y ------------

Command Line: -javaagent:C:\Program Files\JetBrains\IntelliJ IDEA Community Edition 2023.3.6\lib\idea_rt.jar=54175:C:\Program Files\JetBrains\IntelliJ IDEA Community Edition 2023.3.6\bin -Dfile.encoding=UTF-8 -Dsun.stdout.encoding=UTF-8 -Dsun.stderr.encoding=UTF-8 CapturaHuella

Host: AMD Ryzen 5 4600H with Radeon Graphics         , 12 cores, 15G,  Windows 11 , 64 bit Build 22621 (10.0.22621.3374)
Time: Mon Apr 15 18:04:42 2024 Hora estándar central (México) elapsed time: 1.483964 seconds (0d 0h 0m 1s)

---------------  T H R E A D  ---------------

Current thread (0x000001fee81834f0):  JavaThread "main"             [_thread_in_vm, id=3836, stack(0x0000004658300000,0x0000004658400000) (1024K)]

Stack: [0x0000004658300000,0x0000004658400000],  sp=0x00000046583ff1f0,  free space=1020k
Native frames: (J=compiled Java code, j=interpreted, Vv=VM code, C=native code)
V  [jvm.dll+0x43db64]
C  [libzkfp.dll+0x2e70]

Java frames: (J=compiled Java code, j=interpreted, Vv=VM code)
j  com.zkteco.biometric.ZKFPService.GetParameter(JI[B[I)I+0
j  com.zkteco.biometric.FingerprintSensorEx.GetParameters(JI[B[I)I+5
j  CapturaHuella.main([Ljava/lang/String;)V+70
v  ~StubRoutines::call_stub 0x000001fef7b1100d

siginfo: EXCEPTION_ACCESS_VIOLATION (0xc0000005), reading address 0x0000000000000000


Registers:
RAX=0x0000000000000000, RBX=0x000001fee81834f0, RCX=0x000001fee81838a8, RDX=0x0000000000000000
RSP=0x00000046583ff1f0, RBP=0x00000046583ff330, RSI=0x0000000000000000, RDI=0x0000000000000000
R8 =0x0000000000000000, R9 =0x00007ffdfa0fc600, R10=0x0000000719330008, R11=0x00000046583ff1e0
R12=0x000001fe87f70b90, R13=0x000001fec940aab0, R14=0x00000046583ff370, R15=0x000001fee81834f0
RIP=0x00007ffdf997db64, EFLAGS=0x0000000000010293


Register to memory mapping:

RAX=0x0 is null
RBX=0x000001fee81834f0 is a thread
RCX=0x000001fee81838a8 points into unknown readable memory: 0x00007ffdfa0fc600 | 00 c6 0f fa fd 7f 00 00
RDX=0x0 is null
RSP=0x00000046583ff1f0 is pointing into the stack for thread: 0x000001fee81834f0
RBP=0x00000046583ff330 is pointing into the stack for thread: 0x000001fee81834f0
RSI=0x0 is null
RDI=0x0 is null
R8 =0x0 is null
R9 =0x00007ffdfa0fc600 jvm.dll
R10=
[error occurred during error reporting (printing register info), id 0xc0000005, EXCEPTION_ACCESS_VIOLATION (0xc0000005) at pc=0x00007ffdf967e1f1]
R11=0x00000046583ff1e0 is pointing into the stack for thread: 0x000001fee81834f0
R12=0x000001fe87f70b90 points into unknown readable memory: 0x0000000012345678 | 78 56 34 12 00 00 00 00
R13={method} {0x000001fec940aab8} 'GetParameter' '(JI[B[I)I' in 'com/zkteco/biometric/ZKFPService'
R14=0x00000046583ff370 is pointing into the stack for thread: 0x000001fee81834f0
R15=0x000001fee81834f0 is a thread

Top of Stack: (sp=0x00000046583ff1f0)
0x00000046583ff1f0:   000001fee81834f0 0000000000000000
0x00000046583ff200:   0000000000000000 000001fef7b1896e
0x00000046583ff210:   000001fe8778a3b0 00000046583ff330
0x00000046583ff220:   000001fee81838a8 00007ffe35a32e70
0x00000046583ff230:   0000000000000001 00000046583ff370
0x00000046583ff240:   000001fee81834f0 00007ffdf9bb78df
0x00000046583ff250:   000001fec940aab0 000001fee81834f0
0x00000046583ff260:   000001fef7b1896e 0000000000000000
0x00000046583ff270:   000001fe8778a3b0 00000046583ff230
0x00000046583ff280:   000001fec940aab0 0000000000000000
0x00000046583ff290:   000001fef7b1896e 000001fef7b1ce0b
0x00000046583ff2a0:   000001fee81838a8 000001fec940aab0
0x00000046583ff2b0:   0000000000000024 000001fef7b1caf7
0x00000046583ff2c0:   0000000000000000 00000046583ff350
0x00000046583ff2d0:   000001fef7b1896e 00007ffdf9bb78df
0x00000046583ff2e0:   000001fef7b1ca9f 00000046583ff2e8
0x00000046583ff2f0:   000001fec940aab0 0000000000000008
0x00000046583ff300:   000001fec940b718 0000000000000000
0x00000046583ff310:   000000071932d088 000001fec940aab0
0x00000046583ff320:   0000000000000000 00000046583ff350
0x00000046583ff330:   00000046583ff3c0 000001fef7b1896e
0x00000046583ff340:   000000071932d088 000001fef7b1a395
0x00000046583ff350:   000000071932fff8 0000000000000000
0x00000046583ff360:   0000000000000001 000001fe87f70b90
0x00000046583ff370:   0000000000000000 00000046583ff378
0x00000046583ff380:   000001fec9409125 0000000000000006
0x00000046583ff390:   000001fec9409ec8 0000000000000000
0x00000046583ff3a0:   000000071932b2a8 000001fec9409160
0x00000046583ff3b0:   00000046583ff350 00000046583ff3d0
0x00000046583ff3c0:   00000046583ff440 000001fef7b1896e
0x00000046583ff3d0:   000000071932fff8 0000000000000000
0x00000046583ff3e0:   0000000000000001 000001fe87f70b90 

Instructions: (pc=0x00007ffdf997db64)
0x00007ffdf997da64:   08 48 8b 47 18 48 89 41 18 48 8b 4f 08 48 8b 47
0x00007ffdf997da74:   20 48 89 41 20 48 8d 8b 98 03 00 00 e8 6b 92 ed
0x00007ffdf997da84:   ff 90 48 8b c6 48 8b 74 24 58 c7 83 4c 04 00 00
0x00007ffdf997da94:   04 00 00 00 48 8b 5c 24 50 48 83 c4 40 5f c3 cc
0x00007ffdf997daa4:   cc cc cc cc cc cc cc cc cc cc cc cc 40 53 55 57
0x00007ffdf997dab4:   48 83 ec 20 8b 81 b8 00 00 00 48 8d 99 48 fc ff
0x00007ffdf997dac4:   ff 48 89 74 24 40 05 53 21 ff ff 4c 89 7c 24 50
0x00007ffdf997dad4:   49 8b f0 48 8b fa 83 f8 01 77 08 48 8b cb e8 69
0x00007ffdf997dae4:   e1 fa ff 80 3d 73 4a 7e 00 00 c7 83 4c 04 00 00
0x00007ffdf997daf4:   06 00 00 00 75 06 e8 c1 c1 27 00 90 48 8b 83 50
0x00007ffdf997db04:   04 00 00 a8 01 74 0d 45 33 c0 b2 01 48 8b cb e8
0x00007ffdf997db14:   c8 bd 2e 00 8b 83 48 04 00 00 a8 0c 74 08 48 8b
0x00007ffdf997db24:   cb e8 d6 f6 fa ff 48 8b c7 c7 83 4c 04 00 00 06
0x00007ffdf997db34:   00 00 00 83 e0 03 48 83 f8 01 75 0f 48 8d 4f ff
0x00007ffdf997db44:   ff 15 56 be 77 00 48 8b f8 eb 18 48 83 f8 02 75
0x00007ffdf997db54:   0f 48 8d 4f fe ff 15 c1 34 77 00 48 8b f8 eb 03
0x00007ffdf997db64:   48 8b 3f 80 3d b0 d9 77 00 00 b9 0c 00 00 00 41
0x00007ffdf997db74:   bf 10 00 00 00 41 8b c7 0f 45 c1 48 63 0c 38 85
0x00007ffdf997db84:   c9 75 11 48 85 f6 74 02 88 0e e8 7d 18 01 00 48
0x00007ffdf997db94:   8b e8 eb 51 4c 89 74 24 48 41 b8 01 00 00 00 b2
0x00007ffdf997dba4:   09 4c 8b f1 e8 53 0e c8 ff 48 8b e8 48 85 c0 74
0x00007ffdf997dbb4:   2f 80 3d 62 d9 77 00 00 b9 18 00 00 00 4d 8b c6
0x00007ffdf997dbc4:   48 8b d5 49 0f 45 cf 33 c0 48 03 cf 48 85 ff 48
0x00007ffdf997dbd4:   0f 44 c8 e8 54 e5 bc ff 48 85 f6 74 03 c6 06 01
0x00007ffdf997dbe4:   4c 8b 74 24 48 48 8b bb 98 01 00 00 4c 8b 7c 24
0x00007ffdf997dbf4:   50 48 8b 74 24 40 48 8b 47 10 48 83 38 00 74 08
0x00007ffdf997dc04:   48 8b cf e8 34 0e f6 ff 48 8b 4f 08 48 8b 47 10
0x00007ffdf997dc14:   48 89 41 10 48 8b 4f 08 48 8b 47 18 48 89 41 18
0x00007ffdf997dc24:   48 8b 4f 08 48 8b 47 20 48 89 41 20 48 8d 8b 98
0x00007ffdf997dc34:   03 00 00 e8 b4 90 ed ff 90 48 8b c5 c7 83 4c 04
0x00007ffdf997dc44:   00 00 04 00 00 00 48 83 c4 20 5f 5d 5b c3 cc cc
0x00007ffdf997dc54:   cc cc cc cc cc cc cc cc cc cc cc cc 40 53 55 57 


Stack slot to memory mapping:

stack at sp + 0 slots: 0x000001fee81834f0 is a thread
stack at sp + 1 slots: 0x0 is null
stack at sp + 2 slots: 0x0 is null
stack at sp + 3 slots: 0x000001fef7b1896e is at code_begin+1454 in an Interpreter codelet
return entry points  [0x000001fef7b183c0, 0x000001fef7b18f18]  2904 bytes
stack at sp + 4 slots: 0x000001fe8778a3b0 points into unknown readable memory: 0x0000000000000000 | 00 00 00 00 00 00 00 00
stack at sp + 5 slots: 0x00000046583ff330 is pointing into the stack for thread: 0x000001fee81834f0
stack at sp + 6 slots: 0x000001fee81838a8 points into unknown readable memory: 0x00007ffdfa0fc600 | 00 c6 0f fa fd 7f 00 00
stack at sp + 7 slots: 0x00007ffe35a32e70 libzkfp.dll


---------------  P R O C E S S  ---------------

Threads class SMR info:
_java_thread_list=0x000001fe877b5520, length=12, elements={
0x000001fee81834f0, 0x000001fe874f0400, 0x000001fe874f1120, 0x000001fe874f3770,
0x000001fe874f41d0, 0x000001fe874f4c30, 0x000001fe874f5690, 0x000001fe87501580,
0x000001fe8750ad70, 0x000001fe877856d0, 0x000001fe87913370, 0x000001fe879139e0
}

Java Threads: ( => current thread )
=>0x000001fee81834f0 JavaThread "main"                              [_thread_in_vm, id=3836, stack(0x0000004658300000,0x0000004658400000) (1024K)]
  0x000001fe874f0400 JavaThread "Reference Handler"          daemon [_thread_blocked, id=8736, stack(0x0000004658b00000,0x0000004658c00000) (1024K)]
  0x000001fe874f1120 JavaThread "Finalizer"                  daemon [_thread_blocked, id=16288, stack(0x0000004658c00000,0x0000004658d00000) (1024K)]
  0x000001fe874f3770 JavaThread "Signal Dispatcher"          daemon [_thread_blocked, id=10336, stack(0x0000004658d00000,0x0000004658e00000) (1024K)]
  0x000001fe874f41d0 JavaThread "Attach Listener"            daemon [_thread_blocked, id=12568, stack(0x0000004658e00000,0x0000004658f00000) (1024K)]
  0x000001fe874f4c30 JavaThread "Service Thread"             daemon [_thread_blocked, id=10416, stack(0x0000004658f00000,0x0000004659000000) (1024K)]
  0x000001fe874f5690 JavaThread "Monitor Deflation Thread"   daemon [_thread_blocked, id=17668, stack(0x0000004659000000,0x0000004659100000) (1024K)]
  0x000001fe87501580 JavaThread "C2 CompilerThread0"         daemon [_thread_blocked, id=12160, stack(0x0000004659100000,0x0000004659200000) (1024K)]
  0x000001fe8750ad70 JavaThread "C1 CompilerThread0"         daemon [_thread_blocked, id=19000, stack(0x0000004659200000,0x0000004659300000) (1024K)]
  0x000001fe877856d0 JavaThread "Common-Cleaner"             daemon [_thread_blocked, id=10284, stack(0x0000004659300000,0x0000004659400000) (1024K)]
  0x000001fe87913370 JavaThread "Monitor Ctrl-Break"         daemon [_thread_in_native, id=11832, stack(0x0000004659400000,0x0000004659500000) (1024K)]
  0x000001fe879139e0 JavaThread "Notification Thread"        daemon [_thread_blocked, id=14632, stack(0x0000004659500000,0x0000004659600000) (1024K)]
Total: 12

Other Threads:
  0x000001fe874d3900 VMThread "VM Thread"                           [id=14652, stack(0x0000004658a00000,0x0000004658b00000) (1024K)]
  0x000001fe874bb460 WatcherThread "VM Periodic Task Thread"        [id=6268, stack(0x0000004658900000,0x0000004658a00000) (1024K)]
  0x000001fee81e9e40 WorkerThread "GC Thread#0"                     [id=8628, stack(0x0000004658400000,0x0000004658500000) (1024K)]
  0x000001fee81fb5e0 ConcurrentGCThread "G1 Main Marker"            [id=5736, stack(0x0000004658500000,0x0000004658600000) (1024K)]
  0x000001fee81fc0e0 WorkerThread "G1 Conc#0"                       [id=6552, stack(0x0000004658600000,0x0000004658700000) (1024K)]
  0x000001fe8738d150 ConcurrentGCThread "G1 Refine#0"               [id=1616, stack(0x0000004658700000,0x0000004658800000) (1024K)]
  0x000001fe8738fbd0 ConcurrentGCThread "G1 Service"                [id=3936, stack(0x0000004658800000,0x0000004658900000) (1024K)]
Total: 7

Threads with active compile tasks:
Total: 0

VM state: not at safepoint (normal execution)

VM Mutex/Monitor currently owned by a thread: None

Heap address: 0x000000070a000000, size: 3936 MB, Compressed Oops mode: Zero based, Oop shift amount: 3

CDS archive(s) mapped at: [0x000001fe88000000-0x000001fe88c90000-0x000001fe88c90000), size 13172736, SharedBaseAddress: 0x000001fe88000000, ArchiveRelocationMode: 1.
Compressed class space mapped at: 0x000001fe89000000-0x000001fec9000000, reserved size: 1073741824
Narrow klass base: 0x000001fe88000000, Narrow klass shift: 0, Narrow klass range: 0x100000000

GC Precious Log:
 CardTable entry size: 512
 Card Set container configuration: InlinePtr #cards 4 size 8 Array Of Cards #cards 16 size 48 Howl #buckets 8 coarsen threshold 3686 Howl Bitmap #cards 512 size 80 coarsen threshold 460 Card regions per heap region 1 cards per card region 4096
 CPUs: 12 total, 12 available
 Memory: 15741M
 Large Page Support: Disabled
 NUMA Support: Disabled
 Compressed Oops: Enabled (Zero based)
 Heap Region Size: 2M
 Heap Min Capacity: 8M
 Heap Initial Capacity: 246M
 Heap Max Capacity: 3936M
 Pre-touch: Disabled
 Parallel Workers: 10
 Concurrent Workers: 3
 Concurrent Refinement Workers: 10
 Periodic GC: Disabled

Heap:
 garbage-first heap   total 251904K, used 2048K [0x000000070a000000, 0x0000000800000000)
  region size 2048K, 2 young (4096K), 0 survivors (0K)
 Metaspace       used 789K, committed 896K, reserved 1114112K
  class space    used 62K, committed 128K, reserved 1048576K

Heap Regions: E=young(eden), S=young(survivor), O=old, HS=humongous(starts), HC=humongous(continues), CS=collection set, F=free, TAMS=top-at-mark-start, PB=parsable bottom
|   0|0x000000070a000000, 0x000000070a000000, 0x000000070a200000|  0%| F|  |TAMS 0x000000070a000000| PB 0x000000070a000000| Untracked 
|   1|0x000000070a200000, 0x000000070a200000, 0x000000070a400000|  0%| F|  |TAMS 0x000000070a200000| PB 0x000000070a200000| Untracked 
|   2|0x000000070a400000, 0x000000070a400000, 0x000000070a600000|  0%| F|  |TAMS 0x000000070a400000| PB 0x000000070a400000| Untracked 
|   3|0x000000070a600000, 0x000000070a600000, 0x000000070a800000|  0%| F|  |TAMS 0x000000070a600000| PB 0x000000070a600000| Untracked 
|   4|0x000000070a800000, 0x000000070a800000, 0x000000070aa00000|  0%| F|  |TAMS 0x000000070a800000| PB 0x000000070a800000| Untracked 
|   5|0x000000070aa00000, 0x000000070aa00000, 0x000000070ac00000|  0%| F|  |TAMS 0x000000070aa00000| PB 0x000000070aa00000| Untracked 
|   6|0x000000070ac00000, 0x000000070ac00000, 0x000000070ae00000|  0%| F|  |TAMS 0x000000070ac00000| PB 0x000000070ac00000| Untracked 
|   7|0x000000070ae00000, 0x000000070ae00000, 0x000000070b000000|  0%| F|  |TAMS 0x000000070ae00000| PB 0x000000070ae00000| Untracked 
|   8|0x000000070b000000, 0x000000070b000000, 0x000000070b200000|  0%| F|  |TAMS 0x000000070b000000| PB 0x000000070b000000| Untracked 
|   9|0x000000070b200000, 0x000000070b200000, 0x000000070b400000|  0%| F|  |TAMS 0x000000070b200000| PB 0x000000070b200000| Untracked 
|  10|0x000000070b400000, 0x000000070b400000, 0x000000070b600000|  0%| F|  |TAMS 0x000000070b400000| PB 0x000000070b400000| Untracked 
|  11|0x000000070b600000, 0x000000070b600000, 0x000000070b800000|  0%| F|  |TAMS 0x000000070b600000| PB 0x000000070b600000| Untracked 
|  12|0x000000070b800000, 0x000000070b800000, 0x000000070ba00000|  0%| F|  |TAMS 0x000000070b800000| PB 0x000000070b800000| Untracked 
|  13|0x000000070ba00000, 0x000000070ba00000, 0x000000070bc00000|  0%| F|  |TAMS 0x000000070ba00000| PB 0x000000070ba00000| Untracked 
|  14|0x000000070bc00000, 0x000000070bc00000, 0x000000070be00000|  0%| F|  |TAMS 0x000000070bc00000| PB 0x000000070bc00000| Untracked 
|  15|0x000000070be00000, 0x000000070be00000, 0x000000070c000000|  0%| F|  |TAMS 0x000000070be00000| PB 0x000000070be00000| Untracked 
|  16|0x000000070c000000, 0x000000070c000000, 0x000000070c200000|  0%| F|  |TAMS 0x000000070c000000| PB 0x000000070c000000| Untracked 
|  17|0x000000070c200000, 0x000000070c200000, 0x000000070c400000|  0%| F|  |TAMS 0x000000070c200000| PB 0x000000070c200000| Untracked 
|  18|0x000000070c400000, 0x000000070c400000, 0x000000070c600000|  0%| F|  |TAMS 0x000000070c400000| PB 0x000000070c400000| Untracked 
|  19|0x000000070c600000, 0x000000070c600000, 0x000000070c800000|  0%| F|  |TAMS 0x000000070c600000| PB 0x000000070c600000| Untracked 
|  20|0x000000070c800000, 0x000000070c800000, 0x000000070ca00000|  0%| F|  |TAMS 0x000000070c800000| PB 0x000000070c800000| Untracked 
|  21|0x000000070ca00000, 0x000000070ca00000, 0x000000070cc00000|  0%| F|  |TAMS 0x000000070ca00000| PB 0x000000070ca00000| Untracked 
|  22|0x000000070cc00000, 0x000000070cc00000, 0x000000070ce00000|  0%| F|  |TAMS 0x000000070cc00000| PB 0x000000070cc00000| Untracked 
|  23|0x000000070ce00000, 0x000000070ce00000, 0x000000070d000000|  0%| F|  |TAMS 0x000000070ce00000| PB 0x000000070ce00000| Untracked 
|  24|0x000000070d000000, 0x000000070d000000, 0x000000070d200000|  0%| F|  |TAMS 0x000000070d000000| PB 0x000000070d000000| Untracked 
|  25|0x000000070d200000, 0x000000070d200000, 0x000000070d400000|  0%| F|  |TAMS 0x000000070d200000| PB 0x000000070d200000| Untracked 
|  26|0x000000070d400000, 0x000000070d400000, 0x000000070d600000|  0%| F|  |TAMS 0x000000070d400000| PB 0x000000070d400000| Untracked 
|  27|0x000000070d600000, 0x000000070d600000, 0x000000070d800000|  0%| F|  |TAMS 0x000000070d600000| PB 0x000000070d600000| Untracked 
|  28|0x000000070d800000, 0x000000070d800000, 0x000000070da00000|  0%| F|  |TAMS 0x000000070d800000| PB 0x000000070d800000| Untracked 
|  29|0x000000070da00000, 0x000000070da00000, 0x000000070dc00000|  0%| F|  |TAMS 0x000000070da00000| PB 0x000000070da00000| Untracked 
|  30|0x000000070dc00000, 0x000000070dc00000, 0x000000070de00000|  0%| F|  |TAMS 0x000000070dc00000| PB 0x000000070dc00000| Untracked 
|  31|0x000000070de00000, 0x000000070de00000, 0x000000070e000000|  0%| F|  |TAMS 0x000000070de00000| PB 0x000000070de00000| Untracked 
|  32|0x000000070e000000, 0x000000070e000000, 0x000000070e200000|  0%| F|  |TAMS 0x000000070e000000| PB 0x000000070e000000| Untracked 
|  33|0x000000070e200000, 0x000000070e200000, 0x000000070e400000|  0%| F|  |TAMS 0x000000070e200000| PB 0x000000070e200000| Untracked 
|  34|0x000000070e400000, 0x000000070e400000, 0x000000070e600000|  0%| F|  |TAMS 0x000000070e400000| PB 0x000000070e400000| Untracked 
|  35|0x000000070e600000, 0x000000070e600000, 0x000000070e800000|  0%| F|  |TAMS 0x000000070e600000| PB 0x000000070e600000| Untracked 
|  36|0x000000070e800000, 0x000000070e800000, 0x000000070ea00000|  0%| F|  |TAMS 0x000000070e800000| PB 0x000000070e800000| Untracked 
|  37|0x000000070ea00000, 0x000000070ea00000, 0x000000070ec00000|  0%| F|  |TAMS 0x000000070ea00000| PB 0x000000070ea00000| Untracked 
|  38|0x000000070ec00000, 0x000000070ec00000, 0x000000070ee00000|  0%| F|  |TAMS 0x000000070ec00000| PB 0x000000070ec00000| Untracked 
|  39|0x000000070ee00000, 0x000000070ee00000, 0x000000070f000000|  0%| F|  |TAMS 0x000000070ee00000| PB 0x000000070ee00000| Untracked 
|  40|0x000000070f000000, 0x000000070f000000, 0x000000070f200000|  0%| F|  |TAMS 0x000000070f000000| PB 0x000000070f000000| Untracked 
|  41|0x000000070f200000, 0x000000070f200000, 0x000000070f400000|  0%| F|  |TAMS 0x000000070f200000| PB 0x000000070f200000| Untracked 
|  42|0x000000070f400000, 0x000000070f400000, 0x000000070f600000|  0%| F|  |TAMS 0x000000070f400000| PB 0x000000070f400000| Untracked 
|  43|0x000000070f600000, 0x000000070f600000, 0x000000070f800000|  0%| F|  |TAMS 0x000000070f600000| PB 0x000000070f600000| Untracked 
|  44|0x000000070f800000, 0x000000070f800000, 0x000000070fa00000|  0%| F|  |TAMS 0x000000070f800000| PB 0x000000070f800000| Untracked 
|  45|0x000000070fa00000, 0x000000070fa00000, 0x000000070fc00000|  0%| F|  |TAMS 0x000000070fa00000| PB 0x000000070fa00000| Untracked 
|  46|0x000000070fc00000, 0x000000070fc00000, 0x000000070fe00000|  0%| F|  |TAMS 0x000000070fc00000| PB 0x000000070fc00000| Untracked 
|  47|0x000000070fe00000, 0x000000070fe00000, 0x0000000710000000|  0%| F|  |TAMS 0x000000070fe00000| PB 0x000000070fe00000| Untracked 
|  48|0x0000000710000000, 0x0000000710000000, 0x0000000710200000|  0%| F|  |TAMS 0x0000000710000000| PB 0x0000000710000000| Untracked 
|  49|0x0000000710200000, 0x0000000710200000, 0x0000000710400000|  0%| F|  |TAMS 0x0000000710200000| PB 0x0000000710200000| Untracked 
|  50|0x0000000710400000, 0x0000000710400000, 0x0000000710600000|  0%| F|  |TAMS 0x0000000710400000| PB 0x0000000710400000| Untracked 
|  51|0x0000000710600000, 0x0000000710600000, 0x0000000710800000|  0%| F|  |TAMS 0x0000000710600000| PB 0x0000000710600000| Untracked 
|  52|0x0000000710800000, 0x0000000710800000, 0x0000000710a00000|  0%| F|  |TAMS 0x0000000710800000| PB 0x0000000710800000| Untracked 
|  53|0x0000000710a00000, 0x0000000710a00000, 0x0000000710c00000|  0%| F|  |TAMS 0x0000000710a00000| PB 0x0000000710a00000| Untracked 
|  54|0x0000000710c00000, 0x0000000710c00000, 0x0000000710e00000|  0%| F|  |TAMS 0x0000000710c00000| PB 0x0000000710c00000| Untracked 
|  55|0x0000000710e00000, 0x0000000710e00000, 0x0000000711000000|  0%| F|  |TAMS 0x0000000710e00000| PB 0x0000000710e00000| Untracked 
|  56|0x0000000711000000, 0x0000000711000000, 0x0000000711200000|  0%| F|  |TAMS 0x0000000711000000| PB 0x0000000711000000| Untracked 
|  57|0x0000000711200000, 0x0000000711200000, 0x0000000711400000|  0%| F|  |TAMS 0x0000000711200000| PB 0x0000000711200000| Untracked 
|  58|0x0000000711400000, 0x0000000711400000, 0x0000000711600000|  0%| F|  |TAMS 0x0000000711400000| PB 0x0000000711400000| Untracked 
|  59|0x0000000711600000, 0x0000000711600000, 0x0000000711800000|  0%| F|  |TAMS 0x0000000711600000| PB 0x0000000711600000| Untracked 
|  60|0x0000000711800000, 0x0000000711800000, 0x0000000711a00000|  0%| F|  |TAMS 0x0000000711800000| PB 0x0000000711800000| Untracked 
|  61|0x0000000711a00000, 0x0000000711a00000, 0x0000000711c00000|  0%| F|  |TAMS 0x0000000711a00000| PB 0x0000000711a00000| Untracked 
|  62|0x0000000711c00000, 0x0000000711c00000, 0x0000000711e00000|  0%| F|  |TAMS 0x0000000711c00000| PB 0x0000000711c00000| Untracked 
|  63|0x0000000711e00000, 0x0000000711e00000, 0x0000000712000000|  0%| F|  |TAMS 0x0000000711e00000| PB 0x0000000711e00000| Untracked 
|  64|0x0000000712000000, 0x0000000712000000, 0x0000000712200000|  0%| F|  |TAMS 0x0000000712000000| PB 0x0000000712000000| Untracked 
|  65|0x0000000712200000, 0x0000000712200000, 0x0000000712400000|  0%| F|  |TAMS 0x0000000712200000| PB 0x0000000712200000| Untracked 
|  66|0x0000000712400000, 0x0000000712400000, 0x0000000712600000|  0%| F|  |TAMS 0x0000000712400000| PB 0x0000000712400000| Untracked 
|  67|0x0000000712600000, 0x0000000712600000, 0x0000000712800000|  0%| F|  |TAMS 0x0000000712600000| PB 0x0000000712600000| Untracked 
|  68|0x0000000712800000, 0x0000000712800000, 0x0000000712a00000|  0%| F|  |TAMS 0x0000000712800000| PB 0x0000000712800000| Untracked 
|  69|0x0000000712a00000, 0x0000000712a00000, 0x0000000712c00000|  0%| F|  |TAMS 0x0000000712a00000| PB 0x0000000712a00000| Untracked 
|  70|0x0000000712c00000, 0x0000000712c00000, 0x0000000712e00000|  0%| F|  |TAMS 0x0000000712c00000| PB 0x0000000712c00000| Untracked 
|  71|0x0000000712e00000, 0x0000000712e00000, 0x0000000713000000|  0%| F|  |TAMS 0x0000000712e00000| PB 0x0000000712e00000| Untracked 
|  72|0x0000000713000000, 0x0000000713000000, 0x0000000713200000|  0%| F|  |TAMS 0x0000000713000000| PB 0x0000000713000000| Untracked 
|  73|0x0000000713200000, 0x0000000713200000, 0x0000000713400000|  0%| F|  |TAMS 0x0000000713200000| PB 0x0000000713200000| Untracked 
|  74|0x0000000713400000, 0x0000000713400000, 0x0000000713600000|  0%| F|  |TAMS 0x0000000713400000| PB 0x0000000713400000| Untracked 
|  75|0x0000000713600000, 0x0000000713600000, 0x0000000713800000|  0%| F|  |TAMS 0x0000000713600000| PB 0x0000000713600000| Untracked 
|  76|0x0000000713800000, 0x0000000713800000, 0x0000000713a00000|  0%| F|  |TAMS 0x0000000713800000| PB 0x0000000713800000| Untracked 
|  77|0x0000000713a00000, 0x0000000713a00000, 0x0000000713c00000|  0%| F|  |TAMS 0x0000000713a00000| PB 0x0000000713a00000| Untracked 
|  78|0x0000000713c00000, 0x0000000713c00000, 0x0000000713e00000|  0%| F|  |TAMS 0x0000000713c00000| PB 0x0000000713c00000| Untracked 
|  79|0x0000000713e00000, 0x0000000713e00000, 0x0000000714000000|  0%| F|  |TAMS 0x0000000713e00000| PB 0x0000000713e00000| Untracked 
|  80|0x0000000714000000, 0x0000000714000000, 0x0000000714200000|  0%| F|  |TAMS 0x0000000714000000| PB 0x0000000714000000| Untracked 
|  81|0x0000000714200000, 0x0000000714200000, 0x0000000714400000|  0%| F|  |TAMS 0x0000000714200000| PB 0x0000000714200000| Untracked 
|  82|0x0000000714400000, 0x0000000714400000, 0x0000000714600000|  0%| F|  |TAMS 0x0000000714400000| PB 0x0000000714400000| Untracked 
|  83|0x0000000714600000, 0x0000000714600000, 0x0000000714800000|  0%| F|  |TAMS 0x0000000714600000| PB 0x0000000714600000| Untracked 
|  84|0x0000000714800000, 0x0000000714800000, 0x0000000714a00000|  0%| F|  |TAMS 0x0000000714800000| PB 0x0000000714800000| Untracked 
|  85|0x0000000714a00000, 0x0000000714a00000, 0x0000000714c00000|  0%| F|  |TAMS 0x0000000714a00000| PB 0x0000000714a00000| Untracked 
|  86|0x0000000714c00000, 0x0000000714c00000, 0x0000000714e00000|  0%| F|  |TAMS 0x0000000714c00000| PB 0x0000000714c00000| Untracked 
|  87|0x0000000714e00000, 0x0000000714e00000, 0x0000000715000000|  0%| F|  |TAMS 0x0000000714e00000| PB 0x0000000714e00000| Untracked 
|  88|0x0000000715000000, 0x0000000715000000, 0x0000000715200000|  0%| F|  |TAMS 0x0000000715000000| PB 0x0000000715000000| Untracked 
|  89|0x0000000715200000, 0x0000000715200000, 0x0000000715400000|  0%| F|  |TAMS 0x0000000715200000| PB 0x0000000715200000| Untracked 
|  90|0x0000000715400000, 0x0000000715400000, 0x0000000715600000|  0%| F|  |TAMS 0x0000000715400000| PB 0x0000000715400000| Untracked 
|  91|0x0000000715600000, 0x0000000715600000, 0x0000000715800000|  0%| F|  |TAMS 0x0000000715600000| PB 0x0000000715600000| Untracked 
|  92|0x0000000715800000, 0x0000000715800000, 0x0000000715a00000|  0%| F|  |TAMS 0x0000000715800000| PB 0x0000000715800000| Untracked 
|  93|0x0000000715a00000, 0x0000000715a00000, 0x0000000715c00000|  0%| F|  |TAMS 0x0000000715a00000| PB 0x0000000715a00000| Untracked 
|  94|0x0000000715c00000, 0x0000000715c00000, 0x0000000715e00000|  0%| F|  |TAMS 0x0000000715c00000| PB 0x0000000715c00000| Untracked 
|  95|0x0000000715e00000, 0x0000000715e00000, 0x0000000716000000|  0%| F|  |TAMS 0x0000000715e00000| PB 0x0000000715e00000| Untracked 
|  96|0x0000000716000000, 0x0000000716000000, 0x0000000716200000|  0%| F|  |TAMS 0x0000000716000000| PB 0x0000000716000000| Untracked 
|  97|0x0000000716200000, 0x0000000716200000, 0x0000000716400000|  0%| F|  |TAMS 0x0000000716200000| PB 0x0000000716200000| Untracked 
|  98|0x0000000716400000, 0x0000000716400000, 0x0000000716600000|  0%| F|  |TAMS 0x0000000716400000| PB 0x0000000716400000| Untracked 
|  99|0x0000000716600000, 0x0000000716600000, 0x0000000716800000|  0%| F|  |TAMS 0x0000000716600000| PB 0x0000000716600000| Untracked 
| 100|0x0000000716800000, 0x0000000716800000, 0x0000000716a00000|  0%| F|  |TAMS 0x0000000716800000| PB 0x0000000716800000| Untracked 
| 101|0x0000000716a00000, 0x0000000716a00000, 0x0000000716c00000|  0%| F|  |TAMS 0x0000000716a00000| PB 0x0000000716a00000| Untracked 
| 102|0x0000000716c00000, 0x0000000716c00000, 0x0000000716e00000|  0%| F|  |TAMS 0x0000000716c00000| PB 0x0000000716c00000| Untracked 
| 103|0x0000000716e00000, 0x0000000716e00000, 0x0000000717000000|  0%| F|  |TAMS 0x0000000716e00000| PB 0x0000000716e00000| Untracked 
| 104|0x0000000717000000, 0x0000000717000000, 0x0000000717200000|  0%| F|  |TAMS 0x0000000717000000| PB 0x0000000717000000| Untracked 
| 105|0x0000000717200000, 0x0000000717200000, 0x0000000717400000|  0%| F|  |TAMS 0x0000000717200000| PB 0x0000000717200000| Untracked 
| 106|0x0000000717400000, 0x0000000717400000, 0x0000000717600000|  0%| F|  |TAMS 0x0000000717400000| PB 0x0000000717400000| Untracked 
| 107|0x0000000717600000, 0x0000000717600000, 0x0000000717800000|  0%| F|  |TAMS 0x0000000717600000| PB 0x0000000717600000| Untracked 
| 108|0x0000000717800000, 0x0000000717800000, 0x0000000717a00000|  0%| F|  |TAMS 0x0000000717800000| PB 0x0000000717800000| Untracked 
| 109|0x0000000717a00000, 0x0000000717a00000, 0x0000000717c00000|  0%| F|  |TAMS 0x0000000717a00000| PB 0x0000000717a00000| Untracked 
| 110|0x0000000717c00000, 0x0000000717c00000, 0x0000000717e00000|  0%| F|  |TAMS 0x0000000717c00000| PB 0x0000000717c00000| Untracked 
| 111|0x0000000717e00000, 0x0000000717e00000, 0x0000000718000000|  0%| F|  |TAMS 0x0000000717e00000| PB 0x0000000717e00000| Untracked 
| 112|0x0000000718000000, 0x0000000718000000, 0x0000000718200000|  0%| F|  |TAMS 0x0000000718000000| PB 0x0000000718000000| Untracked 
| 113|0x0000000718200000, 0x0000000718200000, 0x0000000718400000|  0%| F|  |TAMS 0x0000000718200000| PB 0x0000000718200000| Untracked 
| 114|0x0000000718400000, 0x0000000718400000, 0x0000000718600000|  0%| F|  |TAMS 0x0000000718400000| PB 0x0000000718400000| Untracked 
| 115|0x0000000718600000, 0x0000000718600000, 0x0000000718800000|  0%| F|  |TAMS 0x0000000718600000| PB 0x0000000718600000| Untracked 
| 116|0x0000000718800000, 0x0000000718800000, 0x0000000718a00000|  0%| F|  |TAMS 0x0000000718800000| PB 0x0000000718800000| Untracked 
| 117|0x0000000718a00000, 0x0000000718a00000, 0x0000000718c00000|  0%| F|  |TAMS 0x0000000718a00000| PB 0x0000000718a00000| Untracked 
| 118|0x0000000718c00000, 0x0000000718c00000, 0x0000000718e00000|  0%| F|  |TAMS 0x0000000718c00000| PB 0x0000000718c00000| Untracked 
| 119|0x0000000718e00000, 0x0000000718e00000, 0x0000000719000000|  0%| F|  |TAMS 0x0000000718e00000| PB 0x0000000718e00000| Untracked 
| 120|0x0000000719000000, 0x0000000719000000, 0x0000000719200000|  0%| F|  |TAMS 0x0000000719000000| PB 0x0000000719000000| Untracked 
| 121|0x0000000719200000, 0x00000007193c3168, 0x0000000719400000| 88%| E|  |TAMS 0x0000000719200000| PB 0x0000000719200000| Complete 
| 122|0x0000000719400000, 0x0000000719600000, 0x0000000719600000|100%| E|CS|TAMS 0x0000000719400000| PB 0x0000000719400000| Complete 

Card table byte_map: [0x000001fe807b0000,0x000001fe80f60000] _byte_map_base: 0x000001fe7cf60000

Marking Bits: (CMBitMap*) 0x000001fee81ea540
 Bits: [0x000001fe80f60000, 0x000001fe84ce0000)

Polling page: 0x000001fee5e50000

Metaspace:

Usage:
  Non-class:    726.41 KB used.
      Class:     62.59 KB used.
       Both:    789.01 KB used.

Virtual space:
  Non-class space:       64.00 MB reserved,     768.00 KB (  1%) committed,  1 nodes.
      Class space:        1.00 GB reserved,     128.00 KB ( <1%) committed,  1 nodes.
             Both:        1.06 GB reserved,     896.00 KB ( <1%) committed. 

Chunk freelists:
   Non-Class:  11.94 MB
       Class:  15.73 MB
        Both:  27.68 MB

MaxMetaspaceSize: unlimited
CompressedClassSpaceSize: 1.00 GB
Initial GC threshold: 21.00 MB
Current GC threshold: 21.00 MB
CDS: on
 - commit_granule_bytes: 65536.
 - commit_granule_words: 8192.
 - virtual_space_node_default_size: 8388608.
 - enlarge_chunks_in_place: 1.
 - use_allocation_guard: 0.


Internal statistics:

num_allocs_failed_limit: 0.
num_arena_births: 24.
num_arena_deaths: 0.
num_vsnodes_births: 2.
num_vsnodes_deaths: 0.
num_space_committed: 14.
num_space_uncommitted: 0.
num_chunks_returned_to_freelist: 0.
num_chunks_taken_from_freelist: 31.
num_chunk_merges: 0.
num_chunk_splits: 20.
num_chunks_enlarged: 12.
num_inconsistent_stats: 0.

CodeHeap 'non-profiled nmethods': size=120000Kb used=79Kb max_used=79Kb free=119920Kb
 bounds [0x000001fef80b0000, 0x000001fef8320000, 0x000001feff5e0000]
CodeHeap 'profiled nmethods': size=120000Kb used=238Kb max_used=238Kb free=119761Kb
 bounds [0x000001fef05e0000, 0x000001fef0850000, 0x000001fef7b10000]
CodeHeap 'non-nmethods': size=5760Kb used=1305Kb max_used=1317Kb free=4454Kb
 bounds [0x000001fef7b10000, 0x000001fef7d80000, 0x000001fef80b0000]
 total_blobs=646 nmethods=226 adapters=325
 compilation: enabled
              stopped_count=0, restarted_count=0
 full_count=0

Compilation events (20 events):
Event: 0.170 Thread 0x000001fe8750ad70  212       3       java.lang.StringUTF16::getChar (60 bytes)
Event: 0.170 Thread 0x000001fe8750ad70 nmethod 212 0x000001fef0617d10 code [0x000001fef0617ec0, 0x000001fef0618030]
Event: 0.170 Thread 0x000001fe8750ad70  213       3       java.lang.String::charAt (25 bytes)
Event: 0.170 Thread 0x000001fe87501580  214       4       java.lang.String::coder (15 bytes)
Event: 0.171 Thread 0x000001fe87501580 nmethod 214 0x000001fef80c2390 code [0x000001fef80c2520, 0x000001fef80c25b0]
Event: 0.171 Thread 0x000001fe8750ad70 nmethod 213 0x000001fef0618110 code [0x000001fef0618300, 0x000001fef0618860]
Event: 0.173 Thread 0x000001fe8750ad70  215       3       jdk.internal.misc.Unsafe::getLongUnaligned (173 bytes)
Event: 0.174 Thread 0x000001fe8750ad70 nmethod 215 0x000001fef0618a90 code [0x000001fef0618c80, 0x000001fef06190b8]
Event: 0.175 Thread 0x000001fe8750ad70  217       3       java.lang.StringLatin1::lastIndexOf (40 bytes)
Event: 0.175 Thread 0x000001fe8750ad70 nmethod 217 0x000001fef0619190 code [0x000001fef0619360, 0x000001fef0619768]
Event: 0.191 Thread 0x000001fe8750ad70  220       3       jdk.internal.org.objectweb.asm.SymbolTable::put (150 bytes)
Event: 0.192 Thread 0x000001fe8750ad70 nmethod 220 0x000001fef0619910 code [0x000001fef0619b00, 0x000001fef061a3c8]
Event: 0.192 Thread 0x000001fe8750ad70  221       3       java.lang.Enum::<init> (15 bytes)
Event: 0.193 Thread 0x000001fe8750ad70 nmethod 221 0x000001fef061a690 code [0x000001fef061a840, 0x000001fef061aa10]
Event: 0.194 Thread 0x000001fe8750ad70  222       3       java.lang.ref.Reference::<init> (25 bytes)
Event: 0.195 Thread 0x000001fe8750ad70 nmethod 222 0x000001fef061ab10 code [0x000001fef061acc0, 0x000001fef061af50]
Event: 0.196 Thread 0x000001fe87501580  223       4       java.util.Objects::requireNonNull (14 bytes)
Event: 0.197 Thread 0x000001fe87501580 nmethod 223 0x000001fef80c3690 code [0x000001fef80c3820, 0x000001fef80c38a8]
Event: 0.214 Thread 0x000001fe8750ad70  226       3       java.util.Arrays::copyOf (33 bytes)
Event: 0.214 Thread 0x000001fe8750ad70 nmethod 226 0x000001fef061b010 code [0x000001fef061b200, 0x000001fef061b700]

GC Heap History (0 events):
No events

Dll operation events (10 events):
Event: 0.011 Loaded shared library C:\Program Files\Java\jdk-21\bin\java.dll
Event: 0.063 Loaded shared library C:\Program Files\Java\jdk-21\bin\jsvml.dll
Event: 0.127 Loaded shared library C:\Program Files\Java\jdk-21\bin\zip.dll
Event: 0.132 Loaded shared library C:\Program Files\Java\jdk-21\bin\instrument.dll
Event: 0.141 Loaded shared library C:\Program Files\Java\jdk-21\bin\net.dll
Event: 0.143 Loaded shared library C:\Program Files\Java\jdk-21\bin\nio.dll
Event: 0.149 Loaded shared library C:\Program Files\Java\jdk-21\bin\zip.dll
Event: 0.168 Loaded shared library C:\Program Files\JetBrains\IntelliJ IDEA Community Edition 2023.3.6\bin\breakgen64.dll
Event: 0.187 Loaded shared library C:\Windows\System32\libzkfp.dll
Event: 0.188 Loaded shared library C:\Program Files\Java\jdk-21\bin\extnet.dll

Deoptimization events (4 events):
Event: 0.170 Thread 0x000001fee81834f0 Uncommon trap: trap_request=0xffffff45 fr.pc=0x000001fef80c09e4 relative=0x00000000000000c4
Event: 0.170 Thread 0x000001fee81834f0 Uncommon trap: reason=unstable_if action=reinterpret pc=0x000001fef80c09e4 method=java.lang.String.isLatin1()Z @ 10 c2
Event: 0.170 Thread 0x000001fee81834f0 DEOPT PACKING pc=0x000001fef80c09e4 sp=0x00000046583fef70
Event: 0.170 Thread 0x000001fee81834f0 DEOPT UNPACKING pc=0x000001fef7b646a2 sp=0x00000046583feeb0 mode 2

Classes loaded (20 events):
Event: 0.195 Loading class sun/nio/ch/NativeThread
Event: 0.195 Loading class sun/nio/ch/NativeThread done
Event: 0.197 Loading class java/io/BufferedReader
Event: 0.197 Loading class java/io/BufferedReader done
Event: 0.197 Loading class java/net/Socket$SocketInputStream
Event: 0.197 Loading class java/net/Socket$SocketInputStream done
Event: 0.197 Loading class sun/nio/ch/NioSocketImpl$1
Event: 0.197 Loading class sun/nio/ch/NioSocketImpl$1 done
Event: 0.198 Loading class sun/nio/cs/StreamDecoder
Event: 0.198 Loading class sun/nio/cs/StreamDecoder done
Event: 0.198 Loading class sun/nio/cs/US_ASCII$Decoder
Event: 0.198 Loading class sun/nio/cs/US_ASCII$Decoder done
Event: 0.198 Loading class sun/nio/ch/Util
Event: 0.199 Loading class sun/nio/ch/Util done
Event: 0.199 Loading class sun/nio/ch/Util$1
Event: 0.199 Loading class sun/nio/ch/Util$1 done
Event: 0.199 Loading class sun/nio/ch/Util$BufferCache
Event: 0.199 Loading class sun/nio/ch/Util$BufferCache done
Event: 0.199 Loading class java/nio/DirectByteBuffer$Deallocator
Event: 0.199 Loading class java/nio/DirectByteBuffer$Deallocator done

Classes unloaded (0 events):
No events

Classes redefined (0 events):
No events

Internal exceptions (3 events):
Event: 0.154 Thread 0x000001fee81834f0 Exception <a 'java/lang/NoSuchMethodError'{0x00000007192fd580}: 'void java.lang.invoke.DirectMethodHandle$Holder.invokeStatic(java.lang.Object, java.lang.Object, java.lang.Object)'> (0x00000007192fd580) 
thrown [s\open\src\hotspot\share\interpreter\linkResolver.cpp, line 773]
Event: 0.161 Thread 0x000001fee81834f0 Exception <a 'java/lang/NoSuchMethodError'{0x0000000719314a88}: 'java.lang.Object java.lang.invoke.Invokers$Holder.invokeExact_MT(java.lang.Object, java.lang.Object, java.lang.Object, java.lang.Object, java.lang.Object)'> (0x0000000719314a88) 
thrown [s\open\src\hotspot\share\interpreter\linkResolver.cpp, line 773]
Event: 0.190 Thread 0x000001fe87913370 Exception <a 'java/lang/NoSuchMethodError'{0x000000071935abe0}: 'void java.lang.invoke.DirectMethodHandle$Holder.invokeStatic(java.lang.Object, java.lang.Object)'> (0x000000071935abe0) 
thrown [s\open\src\hotspot\share\interpreter\linkResolver.cpp, line 773]

ZGC Phase Switch (0 events):
No events

VM Operations (4 events):
Event: 0.108 Executing VM operation: HandshakeAllThreads (Deoptimize)
Event: 0.108 Executing VM operation: HandshakeAllThreads (Deoptimize) done
Event: 1.114 Executing VM operation: Cleanup
Event: 1.114 Executing VM operation: Cleanup done

Events (12 events):
Event: 0.036 Thread 0x000001fee81834f0 Thread added: 0x000001fee81834f0
Event: 0.060 Thread 0x000001fe874f0400 Thread added: 0x000001fe874f0400
Event: 0.060 Thread 0x000001fe874f1120 Thread added: 0x000001fe874f1120
Event: 0.060 Thread 0x000001fe874f3770 Thread added: 0x000001fe874f3770
Event: 0.061 Thread 0x000001fe874f41d0 Thread added: 0x000001fe874f41d0
Event: 0.061 Thread 0x000001fe874f4c30 Thread added: 0x000001fe874f4c30
Event: 0.061 Thread 0x000001fe874f5690 Thread added: 0x000001fe874f5690
Event: 0.061 Thread 0x000001fe87501580 Thread added: 0x000001fe87501580
Event: 0.061 Thread 0x000001fe8750ad70 Thread added: 0x000001fe8750ad70
Event: 0.097 Thread 0x000001fe877856d0 Thread added: 0x000001fe877856d0
Event: 0.169 Thread 0x000001fe87913370 Thread added: 0x000001fe87913370
Event: 0.169 Thread 0x000001fe879139e0 Thread added: 0x000001fe879139e0


Dynamic libraries:
0x00007ff7082a0000 - 0x00007ff7082b0000 	C:\Program Files\Java\jdk-21\bin\java.exe
0x00007ffe4a890000 - 0x00007ffe4aaa6000 	C:\Windows\SYSTEM32\ntdll.dll
0x00007ffe49890000 - 0x00007ffe49954000 	C:\Windows\System32\KERNEL32.DLL
0x00007ffe47e70000 - 0x00007ffe48217000 	C:\Windows\System32\KERNELBASE.dll
0x00007ffe47d50000 - 0x00007ffe47e61000 	C:\Windows\System32\ucrtbase.dll
0x00007ffe42690000 - 0x00007ffe426ab000 	C:\Program Files\Java\jdk-21\bin\VCRUNTIME140.dll
0x00007ffe426b0000 - 0x00007ffe426c9000 	C:\Program Files\Java\jdk-21\bin\jli.dll
0x00007ffe4a340000 - 0x00007ffe4a3f2000 	C:\Windows\System32\ADVAPI32.dll
0x00007ffe48e20000 - 0x00007ffe48ec7000 	C:\Windows\System32\msvcrt.dll
0x00007ffe49500000 - 0x00007ffe495a8000 	C:\Windows\System32\sechost.dll
0x00007ffe48220000 - 0x00007ffe48248000 	C:\Windows\System32\bcrypt.dll
0x00007ffe4a1e0000 - 0x00007ffe4a2f5000 	C:\Windows\System32\RPCRT4.dll
0x00007ffe49290000 - 0x00007ffe4943e000 	C:\Windows\System32\USER32.dll
0x00007ffe48250000 - 0x00007ffe48276000 	C:\Windows\System32\win32u.dll
0x00007ffe2d4f0000 - 0x00007ffe2d783000 	C:\Windows\WinSxS\amd64_microsoft.windows.common-controls_6595b64144ccf1df_6.0.22621.3235_none_270f74e173860f98\COMCTL32.dll
0x00007ffe4a1b0000 - 0x00007ffe4a1d9000 	C:\Windows\System32\GDI32.dll
0x00007ffe47c30000 - 0x00007ffe47d49000 	C:\Windows\System32\gdi32full.dll
0x00007ffe484b0000 - 0x00007ffe4854a000 	C:\Windows\System32\msvcp_win.dll
0x00007ffe3f240000 - 0x00007ffe3f24a000 	C:\Windows\SYSTEM32\VERSION.dll
0x00007ffe4a300000 - 0x00007ffe4a331000 	C:\Windows\System32\IMM32.DLL
0x00007ffe42680000 - 0x00007ffe4268c000 	C:\Program Files\Java\jdk-21\bin\vcruntime140_1.dll
0x00007ffe3ba80000 - 0x00007ffe3bb0e000 	C:\Program Files\Java\jdk-21\bin\msvcp140.dll
0x00007ffdf9540000 - 0x00007ffdfa255000 	C:\Program Files\Java\jdk-21\bin\server\jvm.dll
0x00007ffe49f00000 - 0x00007ffe49f71000 	C:\Windows\System32\WS2_32.dll
0x00007ffe47a80000 - 0x00007ffe47acd000 	C:\Windows\SYSTEM32\POWRPROF.dll
0x00007ffe45790000 - 0x00007ffe457c4000 	C:\Windows\SYSTEM32\WINMM.dll
0x00007ffe47a60000 - 0x00007ffe47a73000 	C:\Windows\SYSTEM32\UMPDC.dll
0x00007ffe46bb0000 - 0x00007ffe46bc8000 	C:\Windows\SYSTEM32\kernel.appcore.dll
0x00007ffe425f0000 - 0x00007ffe425fa000 	C:\Program Files\Java\jdk-21\bin\jimage.dll
0x00007ffe45190000 - 0x00007ffe453c3000 	C:\Windows\SYSTEM32\DBGHELP.DLL
0x00007ffe4a4c0000 - 0x00007ffe4a848000 	C:\Windows\System32\combase.dll
0x00007ffe495b0000 - 0x00007ffe49687000 	C:\Windows\System32\OLEAUT32.dll
0x00007ffe3c4a0000 - 0x00007ffe3c4d2000 	C:\Windows\SYSTEM32\dbgcore.DLL
0x00007ffe47bb0000 - 0x00007ffe47c29000 	C:\Windows\System32\bcryptPrimitives.dll
0x00007ffe41ac0000 - 0x00007ffe41acf000 	C:\Program Files\Java\jdk-21\bin\instrument.dll
0x00007ffe3ea80000 - 0x00007ffe3ea9f000 	C:\Program Files\Java\jdk-21\bin\java.dll
0x00007ffe485c0000 - 0x00007ffe48e1c000 	C:\Windows\System32\SHELL32.dll
0x00007ffe45aa0000 - 0x00007ffe46399000 	C:\Windows\SYSTEM32\windows.storage.dll
0x00007ffe45960000 - 0x00007ffe45a9e000 	C:\Windows\SYSTEM32\wintypes.dll
0x00007ffe49e00000 - 0x00007ffe49ef3000 	C:\Windows\System32\SHCORE.dll
0x00007ffe49820000 - 0x00007ffe4987e000 	C:\Windows\System32\shlwapi.dll
0x00007ffe47ae0000 - 0x00007ffe47b01000 	C:\Windows\SYSTEM32\profapi.dll
0x00007ffe3b4c0000 - 0x00007ffe3b597000 	C:\Program Files\Java\jdk-21\bin\jsvml.dll
0x00007ffe3ba30000 - 0x00007ffe3ba48000 	C:\Program Files\Java\jdk-21\bin\zip.dll
0x00007ffe3ba70000 - 0x00007ffe3ba80000 	C:\Program Files\Java\jdk-21\bin\net.dll
0x00007ffe42030000 - 0x00007ffe42166000 	C:\Windows\SYSTEM32\WINHTTP.dll
0x00007ffe47040000 - 0x00007ffe470a9000 	C:\Windows\system32\mswsock.dll
0x00007ffe3ba50000 - 0x00007ffe3ba66000 	C:\Program Files\Java\jdk-21\bin\nio.dll
0x00007ffe3aec0000 - 0x00007ffe3aeda000 	C:\Program Files\JetBrains\IntelliJ IDEA Community Edition 2023.3.6\bin\breakgen64.dll
0x00007ffe35a30000 - 0x00007ffe35a7a000 	C:\Windows\System32\libzkfp.dll
0x00007ffe39530000 - 0x00007ffe3954d000 	C:\Windows\SYSTEM32\ZKFPCap.dll
0x00007ffe02d80000 - 0x00007ffe02e72000 	C:\Windows\SYSTEM32\fpslib.dll
0x00007ffe46650000 - 0x00007ffe4667d000 	C:\Windows\SYSTEM32\IPHLPAPI.DLL
0x00007ffe35ee0000 - 0x00007ffe35efd000 	C:\Windows\SYSTEM32\ZKFPSensors\libidfprcap.dll
0x00007ffe49980000 - 0x00007ffe49df4000 	C:\Windows\System32\SETUPAPI.dll
0x00007ffe477b0000 - 0x00007ffe477fe000 	C:\Windows\SYSTEM32\cfgmgr32.DLL
0x00007ffe23ef0000 - 0x00007ffe23f1e000 	C:\Windows\SYSTEM32\ZKFPSensors\libsilkidcap.dll
0x0000000074830000 - 0x0000000074845000 	C:\Windows\SYSTEM32\libusb0.dll
0x00007ffe35a10000 - 0x00007ffe35a2b000 	C:\Windows\SYSTEM32\ZKFPSensors\libzkfpmodulecap.dll
0x00007ffdfd6d0000 - 0x00007ffdfd719000 	C:\Windows\SYSTEM32\ZKFPSensors\libzklibcap.dll
0x0000000180000000 - 0x0000000180023000 	C:\Windows\SYSTEM32\zkfpslibLow.dll
0x00007ffe3b660000 - 0x00007ffe3b667000 	C:\Program Files\Java\jdk-21\bin\extnet.dll
0x000001fecd070000 - 0x000001fecd9ea000 	C:\Windows\SYSTEM32\fppswsk12.dll
0x00007ffe490c0000 - 0x00007ffe490c8000 	C:\Windows\System32\PSAPI.DLL
0x00007ffe32ca0000 - 0x00007ffe32d48000 	C:\Windows\SYSTEM32\WINSPOOL.DRV
0x000001fecd9f0000 - 0x000001fecdb34000 	C:\Windows\SYSTEM32\libiomp5md.dll
0x00007ffe47780000 - 0x00007ffe477ac000 	C:\Windows\SYSTEM32\DEVOBJ.dll
0x00007ffe48550000 - 0x00007ffe485bb000 	C:\Windows\System32\WINTRUST.dll
0x00007ffe48340000 - 0x00007ffe484a7000 	C:\Windows\System32\CRYPT32.dll
0x00007ffe47760000 - 0x00007ffe47772000 	C:\Windows\SYSTEM32\MSASN1.dll
0x00007ffe26490000 - 0x00007ffe264a7000 	C:\Windows\system32\napinsp.dll
0x00007ffe26470000 - 0x00007ffe2648b000 	C:\Windows\system32\pnrpnsp.dll
0x00007ffe46680000 - 0x00007ffe46779000 	C:\Windows\SYSTEM32\DNSAPI.dll
0x00007ffe490b0000 - 0x00007ffe490b9000 	C:\Windows\System32\NSI.dll
0x00007ffe24d70000 - 0x00007ffe24d81000 	C:\Windows\System32\winrnr.dll
0x00007ffe24d50000 - 0x00007ffe24d65000 	C:\Windows\system32\wshbth.dll
0x00007ffe24d20000 - 0x00007ffe24d41000 	C:\Windows\system32\nlansp_c.dll
0x00007ffe3a3c0000 - 0x00007ffe3a3ca000 	C:\Windows\System32\rasadhlp.dll
0x00007ffe41670000 - 0x00007ffe416f3000 	C:\Windows\System32\fwpuclnt.dll

dbghelp: loaded successfully - version: 4.0.5 - missing functions: none
symbol engine: initialized successfully - sym options: 0x614 - pdb path: .;C:\Program Files\Java\jdk-21\bin;C:\Windows\SYSTEM32;C:\Windows\WinSxS\amd64_microsoft.windows.common-controls_6595b64144ccf1df_6.0.22621.3235_none_270f74e173860f98;C:\Program Files\Java\jdk-21\bin\server;C:\Program Files\JetBrains\IntelliJ IDEA Community Edition 2023.3.6\bin;C:\Windows\SYSTEM32\ZKFPSensors

VM Arguments:
jvm_args: -javaagent:C:\Program Files\JetBrains\IntelliJ IDEA Community Edition 2023.3.6\lib\idea_rt.jar=54175:C:\Program Files\JetBrains\IntelliJ IDEA Community Edition 2023.3.6\bin -Dfile.encoding=UTF-8 -Dsun.stdout.encoding=UTF-8 -Dsun.stderr.encoding=UTF-8 
java_command: CapturaHuella
java_class_path (initial): C:\Users\wiccs\OneDrive\Escritorio\wiccs\Investigacion\Java\zk4500Java\out\production\zk4500Java;C:\Users\wiccs\Downloads\9774a946c3f659ddf2ae90bc8dadc3eb (1)\ZKFingerSDK_Windows_Standard\ZKFinger Standard SDK 5.3.0.33\Java\lib\ZKFingerReader.jar
Launcher Type: SUN_STANDARD

[Global flags]
     intx CICompilerCount                          = 4                                         {product} {ergonomic}
     uint ConcGCThreads                            = 3                                         {product} {ergonomic}
     uint G1ConcRefinementThreads                  = 10                                        {product} {ergonomic}
   size_t G1HeapRegionSize                         = 2097152                                   {product} {ergonomic}
    uintx GCDrainStackTargetSize                   = 64                                        {product} {ergonomic}
   size_t InitialHeapSize                          = 257949696                                 {product} {ergonomic}
   size_t MarkStackSize                            = 4194304                                   {product} {ergonomic}
   size_t MaxHeapSize                              = 4127195136                                {product} {ergonomic}
   size_t MaxNewSize                               = 2474639360                                {product} {ergonomic}
   size_t MinHeapDeltaBytes                        = 2097152                                   {product} {ergonomic}
   size_t MinHeapSize                              = 8388608                                   {product} {ergonomic}
    uintx NonNMethodCodeHeapSize                   = 5839372                                {pd product} {ergonomic}
    uintx NonProfiledCodeHeapSize                  = 122909434                              {pd product} {ergonomic}
     bool PerfDisableSharedMem                     = true                                      {product} {ergonomic}
    uintx ProfiledCodeHeapSize                     = 122909434                              {pd product} {ergonomic}
    uintx ReservedCodeCacheSize                    = 251658240                              {pd product} {ergonomic}
     bool SegmentedCodeCache                       = true                                      {product} {ergonomic}
   size_t SoftMaxHeapSize                          = 4127195136                             {manageable} {ergonomic}
     bool UseCompressedOops                        = true                           {product lp64_product} {ergonomic}
     bool UseG1GC                                  = true                                      {product} {ergonomic}
     bool UseLargePagesIndividualAllocation        = false                                  {pd product} {ergonomic}

Logging:
Log output configuration:
 #0: stdout all=warning uptime,level,tags foldmultilines=false
 #1: stderr all=off uptime,level,tags foldmultilines=false

Environment Variables:
PATH=C:\Program Files\Common Files\Oracle\Java\javapath;C:\Program Files (x86)\Common Files\Oracle\Java\javapath;C:\Windows\system32;C:\Windows;C:\Windows\System32\Wbem;C:\Windows\System32\WindowsPowerShell\v1.0\;C:\Windows\System32\OpenSSH\;C:\Program Files\Git\cmd;C:\Program Files\Microsoft SQL Server\150\Tools\Binn\;C:\Program Files\dotnet\;C:\Program Files\Microsoft SQL Server\Client SDK\ODBC\170\Tools\Binn\;C:\Users\wiccs\AppData\Local\Microsoft\WindowsApps;;C:\Users\wiccs\AppData\Local\Programs\Microsoft VS Code\bin;C:\Program Files\JetBrains\PyCharm Community Edition 2023.3.3\bin;;C:\Program Files\JetBrains\IntelliJ IDEA 2023.3.6\bin;;C:\Program Files\JetBrains\IntelliJ IDEA Community Edition 2023.3.6\bin;;C:\Users\wiccs\.dotnet\tools
USERNAME=wiccs
OS=Windows_NT
PROCESSOR_IDENTIFIER=AMD64 Family 23 Model 96 Stepping 1, AuthenticAMD
TMP=C:\Users\wiccs\AppData\Local\Temp
TEMP=C:\Users\wiccs\AppData\Local\Temp




Periodic native trim disabled

---------------  S Y S T E M  ---------------

OS:
 Windows 11 , 64 bit Build 22621 (10.0.22621.3374)
OS uptime: 1 days 2:57 hours
Hyper-V role detected

CPU: total 12 (initial active 12) (12 cores per cpu, 2 threads per core) family 23 model 96 stepping 1 microcode 0x0, cx8, cmov, fxsr, ht, mmx, 3dnowpref, sse, sse2, sse3, ssse3, sse4a, sse4.1, sse4.2, popcnt, lzcnt, tsc, tscinvbit, avx, avx2, aes, clmul, bmi1, bmi2, adx, sha, fma, vzeroupper, clflush, clflushopt, hv, rdtscp, rdpid, f16c
Processor Information for processor 0
  Max Mhz: 3000, Current Mhz: 3000, Mhz Limit: 3000
Processor Information for processor 1
  Max Mhz: 3000, Current Mhz: 3000, Mhz Limit: 3000
Processor Information for processor 2
  Max Mhz: 3000, Current Mhz: 3000, Mhz Limit: 3000
Processor Information for processor 3
  Max Mhz: 3000, Current Mhz: 3000, Mhz Limit: 3000
Processor Information for processor 4
  Max Mhz: 3000, Current Mhz: 1400, Mhz Limit: 3000
Processor Information for processor 5
  Max Mhz: 3000, Current Mhz: 1400, Mhz Limit: 3000
Processor Information for processor 6
  Max Mhz: 3000, Current Mhz: 1400, Mhz Limit: 3000
Processor Information for processor 7
  Max Mhz: 3000, Current Mhz: 1400, Mhz Limit: 3000
Processor Information for processor 8
  Max Mhz: 3000, Current Mhz: 3000, Mhz Limit: 3000
Processor Information for processor 9
  Max Mhz: 3000, Current Mhz: 3000, Mhz Limit: 3000
Processor Information for processor 10
  Max Mhz: 3000, Current Mhz: 1400, Mhz Limit: 3000
Processor Information for processor 11
  Max Mhz: 3000, Current Mhz: 1400, Mhz Limit: 3000

Memory: 4k page, system-wide physical 15741M (8034M free)
TotalPageFile size 18173M (AvailPageFile size 7585M)
current process WorkingSet (physical memory assigned to process): 46M, peak: 46M
current process commit charge ("private bytes"): 346M, peak: 346M

vm_info: Java HotSpot(TM) 64-Bit Server VM (21.0.1+12-LTS-29) for windows-amd64 JRE (21.0.1+12-LTS-29), built on 2023-10-05T13:27:09Z by "mach5one" with MS VC++ 17.1 (VS2022)

END.
