#
# A fatal error has been detected by the Java Runtime Environment:
#
#  EXCEPTION_ACCESS_VIOLATION (0xc0000005) at pc=0x00007ffdf997db64, pid=13208, tid=10748
#
# JRE version: Java(TM) SE Runtime Environment (21.0.1+12) (build 21.0.1+12-LTS-29)
# Java VM: Java HotSpot(TM) 64-Bit Server VM (21.0.1+12-LTS-29, mixed mode, sharing, tiered, compressed oops, compressed class ptrs, g1 gc, windows-amd64)
# Problematic frame:
# V  [jvm.dll+0x43db64]
#
# No core dump will be written. Minidumps are not enabled by default on client versions of Windows
#
# If you would like to submit a bug report, please visit:
#   https://bugreport.java.com/bugreport/crash.jsp
#

---------------  S U M M A R Y ------------

Command Line: -javaagent:C:\Program Files\JetBrains\IntelliJ IDEA Community Edition 2023.3.6\lib\idea_rt.jar=53980:C:\Program Files\JetBrains\IntelliJ IDEA Community Edition 2023.3.6\bin -Dfile.encoding=UTF-8 -Dsun.stdout.encoding=UTF-8 -Dsun.stderr.encoding=UTF-8 CapturaHuella

Host: AMD Ryzen 5 4600H with Radeon Graphics         , 12 cores, 15G,  Windows 11 , 64 bit Build 22621 (10.0.22621.3374)
Time: Mon Apr 15 17:25:01 2024 Hora estándar central (México) elapsed time: 1.496163 seconds (0d 0h 0m 1s)

---------------  T H R E A D  ---------------

Current thread (0x000001c347e83910):  JavaThread "main"             [_thread_in_vm, id=10748, stack(0x000000af37300000,0x000000af37400000) (1024K)]

Stack: [0x000000af37300000,0x000000af37400000],  sp=0x000000af373ff1d0,  free space=1020k
Native frames: (J=compiled Java code, j=interpreted, Vv=VM code, C=native code)
V  [jvm.dll+0x43db64]
C  [libzkfp.dll+0x2f69]

Java frames: (J=compiled Java code, j=interpreted, Vv=VM code)
j  com.zkteco.biometric.ZKFPService.AcquireTemplate(J[B[B[I)I+0
j  com.zkteco.biometric.FingerprintSensorEx.AcquireFingerprint(J[B[B[I)I+5
j  CapturaHuella.main([Ljava/lang/String;)V+82
v  ~StubRoutines::call_stub 0x000001c35781100d

siginfo: EXCEPTION_ACCESS_VIOLATION (0xc0000005), reading address 0x0000000000000000


Registers:
RAX=0x0000000000000000, RBX=0x000001c347e83910, RCX=0x000001c347e83cc8, RDX=0x0000000000000000
RSP=0x000000af373ff1d0, RBP=0x000000af373ff338, RSI=0x0000000000000000, RDI=0x0000000000000000
R8 =0x0000000000000000, R9 =0x00007ffdfa0fc600, R10=0x0000000719330748, R11=0x000000af373ff1c0
R12=0x0000000000000000, R13=0x000001c36840abd8, R14=0x0000000000000000, R15=0x000001c367dd0b90
RIP=0x00007ffdf997db64, EFLAGS=0x0000000000010293


Register to memory mapping:

RAX=0x0 is null
RBX=0x000001c347e83910 is a thread
RCX=0x000001c347e83cc8 points into unknown readable memory: 0x00007ffdfa0fc600 | 00 c6 0f fa fd 7f 00 00
RDX=0x0 is null
RSP=0x000000af373ff1d0 is pointing into the stack for thread: 0x000001c347e83910
RBP=0x000000af373ff338 is pointing into the stack for thread: 0x000001c347e83910
RSI=0x0 is null
RDI=0x0 is null
R8 =0x0 is null
R9 =0x00007ffdfa0fc600 jvm.dll
R10=
[error occurred during error reporting (printing register info), id 0xc0000005, EXCEPTION_ACCESS_VIOLATION (0xc0000005) at pc=0x00007ffdf967e1f1]
R11=0x000000af373ff1c0 is pointing into the stack for thread: 0x000001c347e83910
R12=0x0 is null
R13={method} {0x000001c36840abe0} 'AcquireTemplate' '(J[B[B[I)I' in 'com/zkteco/biometric/ZKFPService'
R14=0x0 is null
R15=0x000001c367dd0b90 points into unknown readable memory: 0x0000000012345678 | 78 56 34 12 00 00 00 00

Top of Stack: (sp=0x000000af373ff1d0)
0x000000af373ff1d0:   000001c347e83910 0000000000000000
0x000000af373ff1e0:   000001c345cd0870 0000003800000003
0x000000af373ff1f0:   000001c367430720 000000af373ff338
0x000000af373ff200:   000001c347e83cc8 00007ffe3b3e2f69
0x000000af373ff210:   0000000000000024 0000000000000000
0x000000af373ff220:   000001c367dd0b90 00007ffdf9916675
0x000000af373ff230:   000001c357834402 00000000001bbb75
0x000000af373ff240:   000001c347e83910 000000af373ff210
0x000000af373ff250:   000001c367430720 000001c347e83910
0x000000af373ff260:   000001c35781896e 000001c35781cc7c
0x000000af373ff270:   000001c347e83910 000000af373ff378
0x000000af373ff280:   000001c36840abd8 0000000000000000
0x000000af373ff290:   000001c35781896e 000001c35781ce0b
0x000000af373ff2a0:   000001c347e83cc8 000001c36840abd8
0x000000af373ff2b0:   0000000000000024 0000000000000000
0x000000af373ff2c0:   000000af373ff360 000000af373ff358
0x000000af373ff2d0:   000001c35781896e 00007ffdf9bb78df
0x000000af373ff2e0:   3ff0000000000000 000001c35781ca9f
0x000000af373ff2f0:   000000af373ff2f0 000001c36840abd8
0x000000af373ff300:   0000000000000008 000001c36840b660
0x000000af373ff310:   0000000000000000 000000071932cfb8
0x000000af373ff320:   000001c36840abd8 0000000000000000
0x000000af373ff330:   000000af373ff358 000000af373ff3c8
0x000000af373ff340:   000001c35781896e 000000071932cfb8
0x000000af373ff350:   000001c35781a395 0000000719330738
0x000000af373ff360:   000000071932ff28 0000000000000000
0x000000af373ff370:   000001c367dd0b90 0000000000000000
0x000000af373ff380:   000000af373ff380 000001c36840913d
0x000000af373ff390:   0000000000000006 000001c368409e10
0x000000af373ff3a0:   0000000000000000 000000071932b1d8
0x000000af373ff3b0:   000001c368409178 000000af373ff358
0x000000af373ff3c0:   000000af373ff3d8 000000af373ff448 

Instructions: (pc=0x00007ffdf997db64)
0x00007ffdf997da64:   08 48 8b 47 18 48 89 41 18 48 8b 4f 08 48 8b 47
0x00007ffdf997da74:   20 48 89 41 20 48 8d 8b 98 03 00 00 e8 6b 92 ed
0x00007ffdf997da84:   ff 90 48 8b c6 48 8b 74 24 58 c7 83 4c 04 00 00
0x00007ffdf997da94:   04 00 00 00 48 8b 5c 24 50 48 83 c4 40 5f c3 cc
0x00007ffdf997daa4:   cc cc cc cc cc cc cc cc cc cc cc cc 40 53 55 57
0x00007ffdf997dab4:   48 83 ec 20 8b 81 b8 00 00 00 48 8d 99 48 fc ff
0x00007ffdf997dac4:   ff 48 89 74 24 40 05 53 21 ff ff 4c 89 7c 24 50
0x00007ffdf997dad4:   49 8b f0 48 8b fa 83 f8 01 77 08 48 8b cb e8 69
0x00007ffdf997dae4:   e1 fa ff 80 3d 73 4a 7e 00 00 c7 83 4c 04 00 00
0x00007ffdf997daf4:   06 00 00 00 75 06 e8 c1 c1 27 00 90 48 8b 83 50
0x00007ffdf997db04:   04 00 00 a8 01 74 0d 45 33 c0 b2 01 48 8b cb e8
0x00007ffdf997db14:   c8 bd 2e 00 8b 83 48 04 00 00 a8 0c 74 08 48 8b
0x00007ffdf997db24:   cb e8 d6 f6 fa ff 48 8b c7 c7 83 4c 04 00 00 06
0x00007ffdf997db34:   00 00 00 83 e0 03 48 83 f8 01 75 0f 48 8d 4f ff
0x00007ffdf997db44:   ff 15 56 be 77 00 48 8b f8 eb 18 48 83 f8 02 75
0x00007ffdf997db54:   0f 48 8d 4f fe ff 15 c1 34 77 00 48 8b f8 eb 03
0x00007ffdf997db64:   48 8b 3f 80 3d b0 d9 77 00 00 b9 0c 00 00 00 41
0x00007ffdf997db74:   bf 10 00 00 00 41 8b c7 0f 45 c1 48 63 0c 38 85
0x00007ffdf997db84:   c9 75 11 48 85 f6 74 02 88 0e e8 7d 18 01 00 48
0x00007ffdf997db94:   8b e8 eb 51 4c 89 74 24 48 41 b8 01 00 00 00 b2
0x00007ffdf997dba4:   09 4c 8b f1 e8 53 0e c8 ff 48 8b e8 48 85 c0 74
0x00007ffdf997dbb4:   2f 80 3d 62 d9 77 00 00 b9 18 00 00 00 4d 8b c6
0x00007ffdf997dbc4:   48 8b d5 49 0f 45 cf 33 c0 48 03 cf 48 85 ff 48
0x00007ffdf997dbd4:   0f 44 c8 e8 54 e5 bc ff 48 85 f6 74 03 c6 06 01
0x00007ffdf997dbe4:   4c 8b 74 24 48 48 8b bb 98 01 00 00 4c 8b 7c 24
0x00007ffdf997dbf4:   50 48 8b 74 24 40 48 8b 47 10 48 83 38 00 74 08
0x00007ffdf997dc04:   48 8b cf e8 34 0e f6 ff 48 8b 4f 08 48 8b 47 10
0x00007ffdf997dc14:   48 89 41 10 48 8b 4f 08 48 8b 47 18 48 89 41 18
0x00007ffdf997dc24:   48 8b 4f 08 48 8b 47 20 48 89 41 20 48 8d 8b 98
0x00007ffdf997dc34:   03 00 00 e8 b4 90 ed ff 90 48 8b c5 c7 83 4c 04
0x00007ffdf997dc44:   00 00 04 00 00 00 48 83 c4 20 5f 5d 5b c3 cc cc
0x00007ffdf997dc54:   cc cc cc cc cc cc cc cc cc cc cc cc 40 53 55 57 


Stack slot to memory mapping:

stack at sp + 0 slots: 0x000001c347e83910 is a thread
stack at sp + 1 slots: 0x0 is null
stack at sp + 2 slots: 0x000001c345cd0870 points into unknown readable memory: 0x00007ffdf9e49268 | 68 92 e4 f9 fd 7f 00 00
stack at sp + 3 slots: 0x0000003800000003 is an unknown value
stack at sp + 4 slots: 0x000001c367430720 points into unknown readable memory: 0x0000004200000000 | 00 00 00 00 42 00 00 00
stack at sp + 5 slots: 0x000000af373ff338 is pointing into the stack for thread: 0x000001c347e83910
stack at sp + 6 slots: 0x000001c347e83cc8 points into unknown readable memory: 0x00007ffdfa0fc600 | 00 c6 0f fa fd 7f 00 00
stack at sp + 7 slots: 0x00007ffe3b3e2f69 libzkfp.dll


---------------  P R O C E S S  ---------------

Threads class SMR info:
_java_thread_list=0x000001c367541f40, length=12, elements={
0x000001c347e83910, 0x000001c366b37740, 0x000001c366b38460, 0x000001c366b3a9d0,
0x000001c366b3b430, 0x000001c366b3be90, 0x000001c366b3c8f0, 0x000001c366b49f10,
0x000001c366b4ca50, 0x000001c36742b150, 0x000001c367541210, 0x000001c3674dd3d0
}

Java Threads: ( => current thread )
=>0x000001c347e83910 JavaThread "main"                              [_thread_in_vm, id=10748, stack(0x000000af37300000,0x000000af37400000) (1024K)]
  0x000001c366b37740 JavaThread "Reference Handler"          daemon [_thread_blocked, id=3936, stack(0x000000af37b00000,0x000000af37c00000) (1024K)]
  0x000001c366b38460 JavaThread "Finalizer"                  daemon [_thread_blocked, id=19212, stack(0x000000af37c00000,0x000000af37d00000) (1024K)]
  0x000001c366b3a9d0 JavaThread "Signal Dispatcher"          daemon [_thread_blocked, id=8948, stack(0x000000af37d00000,0x000000af37e00000) (1024K)]
  0x000001c366b3b430 JavaThread "Attach Listener"            daemon [_thread_blocked, id=5652, stack(0x000000af37e00000,0x000000af37f00000) (1024K)]
  0x000001c366b3be90 JavaThread "Service Thread"             daemon [_thread_blocked, id=13932, stack(0x000000af37f00000,0x000000af38000000) (1024K)]
  0x000001c366b3c8f0 JavaThread "Monitor Deflation Thread"   daemon [_thread_blocked, id=15288, stack(0x000000af38000000,0x000000af38100000) (1024K)]
  0x000001c366b49f10 JavaThread "C2 CompilerThread0"         daemon [_thread_blocked, id=15936, stack(0x000000af38100000,0x000000af38200000) (1024K)]
  0x000001c366b4ca50 JavaThread "C1 CompilerThread0"         daemon [_thread_blocked, id=9088, stack(0x000000af38200000,0x000000af38300000) (1024K)]
  0x000001c36742b150 JavaThread "Common-Cleaner"             daemon [_thread_blocked, id=11740, stack(0x000000af38300000,0x000000af38400000) (1024K)]
  0x000001c367541210 JavaThread "Monitor Ctrl-Break"         daemon [_thread_in_native, id=3224, stack(0x000000af38400000,0x000000af38500000) (1024K)]
  0x000001c3674dd3d0 JavaThread "Notification Thread"        daemon [_thread_blocked, id=7604, stack(0x000000af38500000,0x000000af38600000) (1024K)]
Total: 12

Other Threads:
  0x000001c366b1ad20 VMThread "VM Thread"                           [id=12956, stack(0x000000af37a00000,0x000000af37b00000) (1024K)]
  0x000001c366b02b10 WatcherThread "VM Periodic Task Thread"        [id=13552, stack(0x000000af37900000,0x000000af37a00000) (1024K)]
  0x000001c347ee9340 WorkerThread "GC Thread#0"                     [id=15344, stack(0x000000af37400000,0x000000af37500000) (1024K)]
  0x000001c347ef99a0 ConcurrentGCThread "G1 Main Marker"            [id=1944, stack(0x000000af37500000,0x000000af37600000) (1024K)]
  0x000001c347efb660 WorkerThread "G1 Conc#0"                       [id=6224, stack(0x000000af37600000,0x000000af37700000) (1024K)]
  0x000001c3669d63e0 ConcurrentGCThread "G1 Refine#0"               [id=14740, stack(0x000000af37700000,0x000000af37800000) (1024K)]
  0x000001c347f4d2b0 ConcurrentGCThread "G1 Service"                [id=11904, stack(0x000000af37800000,0x000000af37900000) (1024K)]
Total: 7

Threads with active compile tasks:
Total: 0

VM state: not at safepoint (normal execution)

VM Mutex/Monitor currently owned by a thread: None

Heap address: 0x000000070a000000, size: 3936 MB, Compressed Oops mode: Zero based, Oop shift amount: 3

CDS archive(s) mapped at: [0x000001c300000000-0x000001c300c90000-0x000001c300c90000), size 13172736, SharedBaseAddress: 0x000001c300000000, ArchiveRelocationMode: 1.
Compressed class space mapped at: 0x000001c301000000-0x000001c341000000, reserved size: 1073741824
Narrow klass base: 0x000001c300000000, Narrow klass shift: 0, Narrow klass range: 0x100000000

GC Precious Log:
 CardTable entry size: 512
 Card Set container configuration: InlinePtr #cards 4 size 8 Array Of Cards #cards 16 size 48 Howl #buckets 8 coarsen threshold 3686 Howl Bitmap #cards 512 size 80 coarsen threshold 460 Card regions per heap region 1 cards per card region 4096
 CPUs: 12 total, 12 available
 Memory: 15741M
 Large Page Support: Disabled
 NUMA Support: Disabled
 Compressed Oops: Enabled (Zero based)
 Heap Region Size: 2M
 Heap Min Capacity: 8M
 Heap Initial Capacity: 246M
 Heap Max Capacity: 3936M
 Pre-touch: Disabled
 Parallel Workers: 10
 Concurrent Workers: 3
 Concurrent Refinement Workers: 10
 Periodic GC: Disabled

Heap:
 garbage-first heap   total 251904K, used 2048K [0x000000070a000000, 0x0000000800000000)
  region size 2048K, 2 young (4096K), 0 survivors (0K)
 Metaspace       used 792K, committed 896K, reserved 1114112K
  class space    used 62K, committed 128K, reserved 1048576K

Heap Regions: E=young(eden), S=young(survivor), O=old, HS=humongous(starts), HC=humongous(continues), CS=collection set, F=free, TAMS=top-at-mark-start, PB=parsable bottom
|   0|0x000000070a000000, 0x000000070a000000, 0x000000070a200000|  0%| F|  |TAMS 0x000000070a000000| PB 0x000000070a000000| Untracked 
|   1|0x000000070a200000, 0x000000070a200000, 0x000000070a400000|  0%| F|  |TAMS 0x000000070a200000| PB 0x000000070a200000| Untracked 
|   2|0x000000070a400000, 0x000000070a400000, 0x000000070a600000|  0%| F|  |TAMS 0x000000070a400000| PB 0x000000070a400000| Untracked 
|   3|0x000000070a600000, 0x000000070a600000, 0x000000070a800000|  0%| F|  |TAMS 0x000000070a600000| PB 0x000000070a600000| Untracked 
|   4|0x000000070a800000, 0x000000070a800000, 0x000000070aa00000|  0%| F|  |TAMS 0x000000070a800000| PB 0x000000070a800000| Untracked 
|   5|0x000000070aa00000, 0x000000070aa00000, 0x000000070ac00000|  0%| F|  |TAMS 0x000000070aa00000| PB 0x000000070aa00000| Untracked 
|   6|0x000000070ac00000, 0x000000070ac00000, 0x000000070ae00000|  0%| F|  |TAMS 0x000000070ac00000| PB 0x000000070ac00000| Untracked 
|   7|0x000000070ae00000, 0x000000070ae00000, 0x000000070b000000|  0%| F|  |TAMS 0x000000070ae00000| PB 0x000000070ae00000| Untracked 
|   8|0x000000070b000000, 0x000000070b000000, 0x000000070b200000|  0%| F|  |TAMS 0x000000070b000000| PB 0x000000070b000000| Untracked 
|   9|0x000000070b200000, 0x000000070b200000, 0x000000070b400000|  0%| F|  |TAMS 0x000000070b200000| PB 0x000000070b200000| Untracked 
|  10|0x000000070b400000, 0x000000070b400000, 0x000000070b600000|  0%| F|  |TAMS 0x000000070b400000| PB 0x000000070b400000| Untracked 
|  11|0x000000070b600000, 0x000000070b600000, 0x000000070b800000|  0%| F|  |TAMS 0x000000070b600000| PB 0x000000070b600000| Untracked 
|  12|0x000000070b800000, 0x000000070b800000, 0x000000070ba00000|  0%| F|  |TAMS 0x000000070b800000| PB 0x000000070b800000| Untracked 
|  13|0x000000070ba00000, 0x000000070ba00000, 0x000000070bc00000|  0%| F|  |TAMS 0x000000070ba00000| PB 0x000000070ba00000| Untracked 
|  14|0x000000070bc00000, 0x000000070bc00000, 0x000000070be00000|  0%| F|  |TAMS 0x000000070bc00000| PB 0x000000070bc00000| Untracked 
|  15|0x000000070be00000, 0x000000070be00000, 0x000000070c000000|  0%| F|  |TAMS 0x000000070be00000| PB 0x000000070be00000| Untracked 
|  16|0x000000070c000000, 0x000000070c000000, 0x000000070c200000|  0%| F|  |TAMS 0x000000070c000000| PB 0x000000070c000000| Untracked 
|  17|0x000000070c200000, 0x000000070c200000, 0x000000070c400000|  0%| F|  |TAMS 0x000000070c200000| PB 0x000000070c200000| Untracked 
|  18|0x000000070c400000, 0x000000070c400000, 0x000000070c600000|  0%| F|  |TAMS 0x000000070c400000| PB 0x000000070c400000| Untracked 
|  19|0x000000070c600000, 0x000000070c600000, 0x000000070c800000|  0%| F|  |TAMS 0x000000070c600000| PB 0x000000070c600000| Untracked 
|  20|0x000000070c800000, 0x000000070c800000, 0x000000070ca00000|  0%| F|  |TAMS 0x000000070c800000| PB 0x000000070c800000| Untracked 
|  21|0x000000070ca00000, 0x000000070ca00000, 0x000000070cc00000|  0%| F|  |TAMS 0x000000070ca00000| PB 0x000000070ca00000| Untracked 
|  22|0x000000070cc00000, 0x000000070cc00000, 0x000000070ce00000|  0%| F|  |TAMS 0x000000070cc00000| PB 0x000000070cc00000| Untracked 
|  23|0x000000070ce00000, 0x000000070ce00000, 0x000000070d000000|  0%| F|  |TAMS 0x000000070ce00000| PB 0x000000070ce00000| Untracked 
|  24|0x000000070d000000, 0x000000070d000000, 0x000000070d200000|  0%| F|  |TAMS 0x000000070d000000| PB 0x000000070d000000| Untracked 
|  25|0x000000070d200000, 0x000000070d200000, 0x000000070d400000|  0%| F|  |TAMS 0x000000070d200000| PB 0x000000070d200000| Untracked 
|  26|0x000000070d400000, 0x000000070d400000, 0x000000070d600000|  0%| F|  |TAMS 0x000000070d400000| PB 0x000000070d400000| Untracked 
|  27|0x000000070d600000, 0x000000070d600000, 0x000000070d800000|  0%| F|  |TAMS 0x000000070d600000| PB 0x000000070d600000| Untracked 
|  28|0x000000070d800000, 0x000000070d800000, 0x000000070da00000|  0%| F|  |TAMS 0x000000070d800000| PB 0x000000070d800000| Untracked 
|  29|0x000000070da00000, 0x000000070da00000, 0x000000070dc00000|  0%| F|  |TAMS 0x000000070da00000| PB 0x000000070da00000| Untracked 
|  30|0x000000070dc00000, 0x000000070dc00000, 0x000000070de00000|  0%| F|  |TAMS 0x000000070dc00000| PB 0x000000070dc00000| Untracked 
|  31|0x000000070de00000, 0x000000070de00000, 0x000000070e000000|  0%| F|  |TAMS 0x000000070de00000| PB 0x000000070de00000| Untracked 
|  32|0x000000070e000000, 0x000000070e000000, 0x000000070e200000|  0%| F|  |TAMS 0x000000070e000000| PB 0x000000070e000000| Untracked 
|  33|0x000000070e200000, 0x000000070e200000, 0x000000070e400000|  0%| F|  |TAMS 0x000000070e200000| PB 0x000000070e200000| Untracked 
|  34|0x000000070e400000, 0x000000070e400000, 0x000000070e600000|  0%| F|  |TAMS 0x000000070e400000| PB 0x000000070e400000| Untracked 
|  35|0x000000070e600000, 0x000000070e600000, 0x000000070e800000|  0%| F|  |TAMS 0x000000070e600000| PB 0x000000070e600000| Untracked 
|  36|0x000000070e800000, 0x000000070e800000, 0x000000070ea00000|  0%| F|  |TAMS 0x000000070e800000| PB 0x000000070e800000| Untracked 
|  37|0x000000070ea00000, 0x000000070ea00000, 0x000000070ec00000|  0%| F|  |TAMS 0x000000070ea00000| PB 0x000000070ea00000| Untracked 
|  38|0x000000070ec00000, 0x000000070ec00000, 0x000000070ee00000|  0%| F|  |TAMS 0x000000070ec00000| PB 0x000000070ec00000| Untracked 
|  39|0x000000070ee00000, 0x000000070ee00000, 0x000000070f000000|  0%| F|  |TAMS 0x000000070ee00000| PB 0x000000070ee00000| Untracked 
|  40|0x000000070f000000, 0x000000070f000000, 0x000000070f200000|  0%| F|  |TAMS 0x000000070f000000| PB 0x000000070f000000| Untracked 
|  41|0x000000070f200000, 0x000000070f200000, 0x000000070f400000|  0%| F|  |TAMS 0x000000070f200000| PB 0x000000070f200000| Untracked 
|  42|0x000000070f400000, 0x000000070f400000, 0x000000070f600000|  0%| F|  |TAMS 0x000000070f400000| PB 0x000000070f400000| Untracked 
|  43|0x000000070f600000, 0x000000070f600000, 0x000000070f800000|  0%| F|  |TAMS 0x000000070f600000| PB 0x000000070f600000| Untracked 
|  44|0x000000070f800000, 0x000000070f800000, 0x000000070fa00000|  0%| F|  |TAMS 0x000000070f800000| PB 0x000000070f800000| Untracked 
|  45|0x000000070fa00000, 0x000000070fa00000, 0x000000070fc00000|  0%| F|  |TAMS 0x000000070fa00000| PB 0x000000070fa00000| Untracked 
|  46|0x000000070fc00000, 0x000000070fc00000, 0x000000070fe00000|  0%| F|  |TAMS 0x000000070fc00000| PB 0x000000070fc00000| Untracked 
|  47|0x000000070fe00000, 0x000000070fe00000, 0x0000000710000000|  0%| F|  |TAMS 0x000000070fe00000| PB 0x000000070fe00000| Untracked 
|  48|0x0000000710000000, 0x0000000710000000, 0x0000000710200000|  0%| F|  |TAMS 0x0000000710000000| PB 0x0000000710000000| Untracked 
|  49|0x0000000710200000, 0x0000000710200000, 0x0000000710400000|  0%| F|  |TAMS 0x0000000710200000| PB 0x0000000710200000| Untracked 
|  50|0x0000000710400000, 0x0000000710400000, 0x0000000710600000|  0%| F|  |TAMS 0x0000000710400000| PB 0x0000000710400000| Untracked 
|  51|0x0000000710600000, 0x0000000710600000, 0x0000000710800000|  0%| F|  |TAMS 0x0000000710600000| PB 0x0000000710600000| Untracked 
|  52|0x0000000710800000, 0x0000000710800000, 0x0000000710a00000|  0%| F|  |TAMS 0x0000000710800000| PB 0x0000000710800000| Untracked 
|  53|0x0000000710a00000, 0x0000000710a00000, 0x0000000710c00000|  0%| F|  |TAMS 0x0000000710a00000| PB 0x0000000710a00000| Untracked 
|  54|0x0000000710c00000, 0x0000000710c00000, 0x0000000710e00000|  0%| F|  |TAMS 0x0000000710c00000| PB 0x0000000710c00000| Untracked 
|  55|0x0000000710e00000, 0x0000000710e00000, 0x0000000711000000|  0%| F|  |TAMS 0x0000000710e00000| PB 0x0000000710e00000| Untracked 
|  56|0x0000000711000000, 0x0000000711000000, 0x0000000711200000|  0%| F|  |TAMS 0x0000000711000000| PB 0x0000000711000000| Untracked 
|  57|0x0000000711200000, 0x0000000711200000, 0x0000000711400000|  0%| F|  |TAMS 0x0000000711200000| PB 0x0000000711200000| Untracked 
|  58|0x0000000711400000, 0x0000000711400000, 0x0000000711600000|  0%| F|  |TAMS 0x0000000711400000| PB 0x0000000711400000| Untracked 
|  59|0x0000000711600000, 0x0000000711600000, 0x0000000711800000|  0%| F|  |TAMS 0x0000000711600000| PB 0x0000000711600000| Untracked 
|  60|0x0000000711800000, 0x0000000711800000, 0x0000000711a00000|  0%| F|  |TAMS 0x0000000711800000| PB 0x0000000711800000| Untracked 
|  61|0x0000000711a00000, 0x0000000711a00000, 0x0000000711c00000|  0%| F|  |TAMS 0x0000000711a00000| PB 0x0000000711a00000| Untracked 
|  62|0x0000000711c00000, 0x0000000711c00000, 0x0000000711e00000|  0%| F|  |TAMS 0x0000000711c00000| PB 0x0000000711c00000| Untracked 
|  63|0x0000000711e00000, 0x0000000711e00000, 0x0000000712000000|  0%| F|  |TAMS 0x0000000711e00000| PB 0x0000000711e00000| Untracked 
|  64|0x0000000712000000, 0x0000000712000000, 0x0000000712200000|  0%| F|  |TAMS 0x0000000712000000| PB 0x0000000712000000| Untracked 
|  65|0x0000000712200000, 0x0000000712200000, 0x0000000712400000|  0%| F|  |TAMS 0x0000000712200000| PB 0x0000000712200000| Untracked 
|  66|0x0000000712400000, 0x0000000712400000, 0x0000000712600000|  0%| F|  |TAMS 0x0000000712400000| PB 0x0000000712400000| Untracked 
|  67|0x0000000712600000, 0x0000000712600000, 0x0000000712800000|  0%| F|  |TAMS 0x0000000712600000| PB 0x0000000712600000| Untracked 
|  68|0x0000000712800000, 0x0000000712800000, 0x0000000712a00000|  0%| F|  |TAMS 0x0000000712800000| PB 0x0000000712800000| Untracked 
|  69|0x0000000712a00000, 0x0000000712a00000, 0x0000000712c00000|  0%| F|  |TAMS 0x0000000712a00000| PB 0x0000000712a00000| Untracked 
|  70|0x0000000712c00000, 0x0000000712c00000, 0x0000000712e00000|  0%| F|  |TAMS 0x0000000712c00000| PB 0x0000000712c00000| Untracked 
|  71|0x0000000712e00000, 0x0000000712e00000, 0x0000000713000000|  0%| F|  |TAMS 0x0000000712e00000| PB 0x0000000712e00000| Untracked 
|  72|0x0000000713000000, 0x0000000713000000, 0x0000000713200000|  0%| F|  |TAMS 0x0000000713000000| PB 0x0000000713000000| Untracked 
|  73|0x0000000713200000, 0x0000000713200000, 0x0000000713400000|  0%| F|  |TAMS 0x0000000713200000| PB 0x0000000713200000| Untracked 
|  74|0x0000000713400000, 0x0000000713400000, 0x0000000713600000|  0%| F|  |TAMS 0x0000000713400000| PB 0x0000000713400000| Untracked 
|  75|0x0000000713600000, 0x0000000713600000, 0x0000000713800000|  0%| F|  |TAMS 0x0000000713600000| PB 0x0000000713600000| Untracked 
|  76|0x0000000713800000, 0x0000000713800000, 0x0000000713a00000|  0%| F|  |TAMS 0x0000000713800000| PB 0x0000000713800000| Untracked 
|  77|0x0000000713a00000, 0x0000000713a00000, 0x0000000713c00000|  0%| F|  |TAMS 0x0000000713a00000| PB 0x0000000713a00000| Untracked 
|  78|0x0000000713c00000, 0x0000000713c00000, 0x0000000713e00000|  0%| F|  |TAMS 0x0000000713c00000| PB 0x0000000713c00000| Untracked 
|  79|0x0000000713e00000, 0x0000000713e00000, 0x0000000714000000|  0%| F|  |TAMS 0x0000000713e00000| PB 0x0000000713e00000| Untracked 
|  80|0x0000000714000000, 0x0000000714000000, 0x0000000714200000|  0%| F|  |TAMS 0x0000000714000000| PB 0x0000000714000000| Untracked 
|  81|0x0000000714200000, 0x0000000714200000, 0x0000000714400000|  0%| F|  |TAMS 0x0000000714200000| PB 0x0000000714200000| Untracked 
|  82|0x0000000714400000, 0x0000000714400000, 0x0000000714600000|  0%| F|  |TAMS 0x0000000714400000| PB 0x0000000714400000| Untracked 
|  83|0x0000000714600000, 0x0000000714600000, 0x0000000714800000|  0%| F|  |TAMS 0x0000000714600000| PB 0x0000000714600000| Untracked 
|  84|0x0000000714800000, 0x0000000714800000, 0x0000000714a00000|  0%| F|  |TAMS 0x0000000714800000| PB 0x0000000714800000| Untracked 
|  85|0x0000000714a00000, 0x0000000714a00000, 0x0000000714c00000|  0%| F|  |TAMS 0x0000000714a00000| PB 0x0000000714a00000| Untracked 
|  86|0x0000000714c00000, 0x0000000714c00000, 0x0000000714e00000|  0%| F|  |TAMS 0x0000000714c00000| PB 0x0000000714c00000| Untracked 
|  87|0x0000000714e00000, 0x0000000714e00000, 0x0000000715000000|  0%| F|  |TAMS 0x0000000714e00000| PB 0x0000000714e00000| Untracked 
|  88|0x0000000715000000, 0x0000000715000000, 0x0000000715200000|  0%| F|  |TAMS 0x0000000715000000| PB 0x0000000715000000| Untracked 
|  89|0x0000000715200000, 0x0000000715200000, 0x0000000715400000|  0%| F|  |TAMS 0x0000000715200000| PB 0x0000000715200000| Untracked 
|  90|0x0000000715400000, 0x0000000715400000, 0x0000000715600000|  0%| F|  |TAMS 0x0000000715400000| PB 0x0000000715400000| Untracked 
|  91|0x0000000715600000, 0x0000000715600000, 0x0000000715800000|  0%| F|  |TAMS 0x0000000715600000| PB 0x0000000715600000| Untracked 
|  92|0x0000000715800000, 0x0000000715800000, 0x0000000715a00000|  0%| F|  |TAMS 0x0000000715800000| PB 0x0000000715800000| Untracked 
|  93|0x0000000715a00000, 0x0000000715a00000, 0x0000000715c00000|  0%| F|  |TAMS 0x0000000715a00000| PB 0x0000000715a00000| Untracked 
|  94|0x0000000715c00000, 0x0000000715c00000, 0x0000000715e00000|  0%| F|  |TAMS 0x0000000715c00000| PB 0x0000000715c00000| Untracked 
|  95|0x0000000715e00000, 0x0000000715e00000, 0x0000000716000000|  0%| F|  |TAMS 0x0000000715e00000| PB 0x0000000715e00000| Untracked 
|  96|0x0000000716000000, 0x0000000716000000, 0x0000000716200000|  0%| F|  |TAMS 0x0000000716000000| PB 0x0000000716000000| Untracked 
|  97|0x0000000716200000, 0x0000000716200000, 0x0000000716400000|  0%| F|  |TAMS 0x0000000716200000| PB 0x0000000716200000| Untracked 
|  98|0x0000000716400000, 0x0000000716400000, 0x0000000716600000|  0%| F|  |TAMS 0x0000000716400000| PB 0x0000000716400000| Untracked 
|  99|0x0000000716600000, 0x0000000716600000, 0x0000000716800000|  0%| F|  |TAMS 0x0000000716600000| PB 0x0000000716600000| Untracked 
| 100|0x0000000716800000, 0x0000000716800000, 0x0000000716a00000|  0%| F|  |TAMS 0x0000000716800000| PB 0x0000000716800000| Untracked 
| 101|0x0000000716a00000, 0x0000000716a00000, 0x0000000716c00000|  0%| F|  |TAMS 0x0000000716a00000| PB 0x0000000716a00000| Untracked 
| 102|0x0000000716c00000, 0x0000000716c00000, 0x0000000716e00000|  0%| F|  |TAMS 0x0000000716c00000| PB 0x0000000716c00000| Untracked 
| 103|0x0000000716e00000, 0x0000000716e00000, 0x0000000717000000|  0%| F|  |TAMS 0x0000000716e00000| PB 0x0000000716e00000| Untracked 
| 104|0x0000000717000000, 0x0000000717000000, 0x0000000717200000|  0%| F|  |TAMS 0x0000000717000000| PB 0x0000000717000000| Untracked 
| 105|0x0000000717200000, 0x0000000717200000, 0x0000000717400000|  0%| F|  |TAMS 0x0000000717200000| PB 0x0000000717200000| Untracked 
| 106|0x0000000717400000, 0x0000000717400000, 0x0000000717600000|  0%| F|  |TAMS 0x0000000717400000| PB 0x0000000717400000| Untracked 
| 107|0x0000000717600000, 0x0000000717600000, 0x0000000717800000|  0%| F|  |TAMS 0x0000000717600000| PB 0x0000000717600000| Untracked 
| 108|0x0000000717800000, 0x0000000717800000, 0x0000000717a00000|  0%| F|  |TAMS 0x0000000717800000| PB 0x0000000717800000| Untracked 
| 109|0x0000000717a00000, 0x0000000717a00000, 0x0000000717c00000|  0%| F|  |TAMS 0x0000000717a00000| PB 0x0000000717a00000| Untracked 
| 110|0x0000000717c00000, 0x0000000717c00000, 0x0000000717e00000|  0%| F|  |TAMS 0x0000000717c00000| PB 0x0000000717c00000| Untracked 
| 111|0x0000000717e00000, 0x0000000717e00000, 0x0000000718000000|  0%| F|  |TAMS 0x0000000717e00000| PB 0x0000000717e00000| Untracked 
| 112|0x0000000718000000, 0x0000000718000000, 0x0000000718200000|  0%| F|  |TAMS 0x0000000718000000| PB 0x0000000718000000| Untracked 
| 113|0x0000000718200000, 0x0000000718200000, 0x0000000718400000|  0%| F|  |TAMS 0x0000000718200000| PB 0x0000000718200000| Untracked 
| 114|0x0000000718400000, 0x0000000718400000, 0x0000000718600000|  0%| F|  |TAMS 0x0000000718400000| PB 0x0000000718400000| Untracked 
| 115|0x0000000718600000, 0x0000000718600000, 0x0000000718800000|  0%| F|  |TAMS 0x0000000718600000| PB 0x0000000718600000| Untracked 
| 116|0x0000000718800000, 0x0000000718800000, 0x0000000718a00000|  0%| F|  |TAMS 0x0000000718800000| PB 0x0000000718800000| Untracked 
| 117|0x0000000718a00000, 0x0000000718a00000, 0x0000000718c00000|  0%| F|  |TAMS 0x0000000718a00000| PB 0x0000000718a00000| Untracked 
| 118|0x0000000718c00000, 0x0000000718c00000, 0x0000000718e00000|  0%| F|  |TAMS 0x0000000718c00000| PB 0x0000000718c00000| Untracked 
| 119|0x0000000718e00000, 0x0000000718e00000, 0x0000000719000000|  0%| F|  |TAMS 0x0000000718e00000| PB 0x0000000718e00000| Untracked 
| 120|0x0000000719000000, 0x0000000719000000, 0x0000000719200000|  0%| F|  |TAMS 0x0000000719000000| PB 0x0000000719000000| Untracked 
| 121|0x0000000719200000, 0x00000007193c3160, 0x0000000719400000| 88%| E|  |TAMS 0x0000000719200000| PB 0x0000000719200000| Complete 
| 122|0x0000000719400000, 0x0000000719600000, 0x0000000719600000|100%| E|CS|TAMS 0x0000000719400000| PB 0x0000000719400000| Complete 

Card table byte_map: [0x000001c35ffe0000,0x000001c360790000] _byte_map_base: 0x000001c35c790000

Marking Bits: (CMBitMap*) 0x000001c347ee9a40
 Bits: [0x000001c360790000, 0x000001c364510000)

Polling page: 0x000001c346020000

Metaspace:

Usage:
  Non-class:    730.16 KB used.
      Class:     62.59 KB used.
       Both:    792.76 KB used.

Virtual space:
  Non-class space:       64.00 MB reserved,     768.00 KB (  1%) committed,  1 nodes.
      Class space:        1.00 GB reserved,     128.00 KB ( <1%) committed,  1 nodes.
             Both:        1.06 GB reserved,     896.00 KB ( <1%) committed. 

Chunk freelists:
   Non-Class:  11.94 MB
       Class:  15.73 MB
        Both:  27.68 MB

MaxMetaspaceSize: unlimited
CompressedClassSpaceSize: 1.00 GB
Initial GC threshold: 21.00 MB
Current GC threshold: 21.00 MB
CDS: on
 - commit_granule_bytes: 65536.
 - commit_granule_words: 8192.
 - virtual_space_node_default_size: 8388608.
 - enlarge_chunks_in_place: 1.
 - use_allocation_guard: 0.


Internal statistics:

num_allocs_failed_limit: 0.
num_arena_births: 24.
num_arena_deaths: 0.
num_vsnodes_births: 2.
num_vsnodes_deaths: 0.
num_space_committed: 14.
num_space_uncommitted: 0.
num_chunks_returned_to_freelist: 0.
num_chunks_taken_from_freelist: 31.
num_chunk_merges: 0.
num_chunk_splits: 20.
num_chunks_enlarged: 12.
num_inconsistent_stats: 0.

CodeHeap 'non-profiled nmethods': size=120000Kb used=78Kb max_used=78Kb free=119921Kb
 bounds [0x000001c357db0000, 0x000001c358020000, 0x000001c35f2e0000]
CodeHeap 'profiled nmethods': size=120000Kb used=239Kb max_used=239Kb free=119760Kb
 bounds [0x000001c3502e0000, 0x000001c350550000, 0x000001c357810000]
CodeHeap 'non-nmethods': size=5760Kb used=1305Kb max_used=1317Kb free=4454Kb
 bounds [0x000001c357810000, 0x000001c357a80000, 0x000001c357db0000]
 total_blobs=644 nmethods=224 adapters=325
 compilation: enabled
              stopped_count=0, restarted_count=0
 full_count=0

Compilation events (20 events):
Event: 0.179 Thread 0x000001c366b4ca50  210       3       java.lang.StringLatin1::newString (24 bytes)
Event: 0.180 Thread 0x000001c366b4ca50 nmethod 210 0x000001c350317090 code [0x000001c350317360, 0x000001c350318168]
Event: 0.183 Thread 0x000001c366b4ca50  211       3       java.lang.System::getSecurityManager (12 bytes)
Event: 0.183 Thread 0x000001c366b4ca50 nmethod 211 0x000001c350318690 code [0x000001c350318840, 0x000001c3503189b0]
Event: 0.184 Thread 0x000001c366b4ca50  212       3       java.lang.StringUTF16::getChar (60 bytes)
Event: 0.184 Thread 0x000001c366b4ca50 nmethod 212 0x000001c350318a90 code [0x000001c350318c40, 0x000001c350318db0]
Event: 0.184 Thread 0x000001c366b4ca50  213       3       java.lang.String::charAt (25 bytes)
Event: 0.185 Thread 0x000001c366b4ca50 nmethod 213 0x000001c350318e90 code [0x000001c350319080, 0x000001c3503195e0]
Event: 0.187 Thread 0x000001c366b4ca50  214       3       jdk.internal.misc.Unsafe::getLongUnaligned (173 bytes)
Event: 0.187 Thread 0x000001c366b4ca50 nmethod 214 0x000001c350319810 code [0x000001c350319a00, 0x000001c350319e38]
Event: 0.188 Thread 0x000001c366b4ca50  216       3       java.lang.StringLatin1::lastIndexOf (40 bytes)
Event: 0.188 Thread 0x000001c366b4ca50 nmethod 216 0x000001c350319f10 code [0x000001c35031a0e0, 0x000001c35031a4e8]
Event: 0.204 Thread 0x000001c366b4ca50  219       3       jdk.internal.org.objectweb.asm.SymbolTable::put (150 bytes)
Event: 0.204 Thread 0x000001c366b4ca50 nmethod 219 0x000001c35031a690 code [0x000001c35031a880, 0x000001c35031b148]
Event: 0.205 Thread 0x000001c366b4ca50  220       3       java.lang.Enum::<init> (15 bytes)
Event: 0.205 Thread 0x000001c366b4ca50 nmethod 220 0x000001c35031b410 code [0x000001c35031b5c0, 0x000001c35031b790]
Event: 0.207 Thread 0x000001c366b4ca50  221       3       java.lang.ref.Reference::<init> (25 bytes)
Event: 0.207 Thread 0x000001c366b4ca50 nmethod 221 0x000001c35031b890 code [0x000001c35031ba40, 0x000001c35031bcd0]
Event: 0.209 Thread 0x000001c366b49f10  222       4       java.util.Objects::requireNonNull (14 bytes)
Event: 0.209 Thread 0x000001c366b49f10 nmethod 222 0x000001c357dc3390 code [0x000001c357dc3520, 0x000001c357dc35a8]

GC Heap History (0 events):
No events

Dll operation events (10 events):
Event: 0.013 Loaded shared library C:\Program Files\Java\jdk-21\bin\java.dll
Event: 0.067 Loaded shared library C:\Program Files\Java\jdk-21\bin\jsvml.dll
Event: 0.135 Loaded shared library C:\Program Files\Java\jdk-21\bin\zip.dll
Event: 0.142 Loaded shared library C:\Program Files\Java\jdk-21\bin\instrument.dll
Event: 0.154 Loaded shared library C:\Program Files\Java\jdk-21\bin\net.dll
Event: 0.157 Loaded shared library C:\Program Files\Java\jdk-21\bin\nio.dll
Event: 0.163 Loaded shared library C:\Program Files\Java\jdk-21\bin\zip.dll
Event: 0.182 Loaded shared library C:\Program Files\JetBrains\IntelliJ IDEA Community Edition 2023.3.6\bin\breakgen64.dll
Event: 0.200 Loaded shared library C:\Windows\System32\libzkfp.dll
Event: 0.201 Loaded shared library C:\Program Files\Java\jdk-21\bin\extnet.dll

Deoptimization events (4 events):
Event: 0.184 Thread 0x000001c347e83910 Uncommon trap: trap_request=0xffffff45 fr.pc=0x000001c357dc06e4 relative=0x00000000000000c4
Event: 0.184 Thread 0x000001c347e83910 Uncommon trap: reason=unstable_if action=reinterpret pc=0x000001c357dc06e4 method=java.lang.String.isLatin1()Z @ 10 c2
Event: 0.184 Thread 0x000001c347e83910 DEOPT PACKING pc=0x000001c357dc06e4 sp=0x000000af373fef70
Event: 0.184 Thread 0x000001c347e83910 DEOPT UNPACKING pc=0x000001c3578646a2 sp=0x000000af373feeb0 mode 2

Classes loaded (20 events):
Event: 0.208 Loading class sun/nio/ch/NativeThread
Event: 0.208 Loading class sun/nio/ch/NativeThread done
Event: 0.209 Loading class java/io/BufferedReader
Event: 0.209 Loading class java/io/BufferedReader done
Event: 0.210 Loading class java/net/Socket$SocketInputStream
Event: 0.210 Loading class java/net/Socket$SocketInputStream done
Event: 0.210 Loading class sun/nio/ch/NioSocketImpl$1
Event: 0.210 Loading class sun/nio/ch/NioSocketImpl$1 done
Event: 0.210 Loading class sun/nio/cs/StreamDecoder
Event: 0.210 Loading class sun/nio/cs/StreamDecoder done
Event: 0.210 Loading class sun/nio/cs/US_ASCII$Decoder
Event: 0.210 Loading class sun/nio/cs/US_ASCII$Decoder done
Event: 0.211 Loading class sun/nio/ch/Util
Event: 0.211 Loading class sun/nio/ch/Util done
Event: 0.211 Loading class sun/nio/ch/Util$1
Event: 0.211 Loading class sun/nio/ch/Util$1 done
Event: 0.211 Loading class sun/nio/ch/Util$BufferCache
Event: 0.211 Loading class sun/nio/ch/Util$BufferCache done
Event: 0.211 Loading class java/nio/DirectByteBuffer$Deallocator
Event: 0.211 Loading class java/nio/DirectByteBuffer$Deallocator done

Classes unloaded (0 events):
No events

Classes redefined (0 events):
No events

Internal exceptions (3 events):
Event: 0.169 Thread 0x000001c347e83910 Exception <a 'java/lang/NoSuchMethodError'{0x00000007192fd578}: 'void java.lang.invoke.DirectMethodHandle$Holder.invokeStatic(java.lang.Object, java.lang.Object, java.lang.Object)'> (0x00000007192fd578) 
thrown [s\open\src\hotspot\share\interpreter\linkResolver.cpp, line 773]
Event: 0.176 Thread 0x000001c347e83910 Exception <a 'java/lang/NoSuchMethodError'{0x0000000719314a80}: 'java.lang.Object java.lang.invoke.Invokers$Holder.invokeExact_MT(java.lang.Object, java.lang.Object, java.lang.Object, java.lang.Object, java.lang.Object)'> (0x0000000719314a80) 
thrown [s\open\src\hotspot\share\interpreter\linkResolver.cpp, line 773]
Event: 0.203 Thread 0x000001c367541210 Exception <a 'java/lang/NoSuchMethodError'{0x000000071935abd8}: 'void java.lang.invoke.DirectMethodHandle$Holder.invokeStatic(java.lang.Object, java.lang.Object)'> (0x000000071935abd8) 
thrown [s\open\src\hotspot\share\interpreter\linkResolver.cpp, line 773]

ZGC Phase Switch (0 events):
No events

VM Operations (4 events):
Event: 0.114 Executing VM operation: HandshakeAllThreads (Deoptimize)
Event: 0.114 Executing VM operation: HandshakeAllThreads (Deoptimize) done
Event: 1.124 Executing VM operation: Cleanup
Event: 1.124 Executing VM operation: Cleanup done

Events (12 events):
Event: 0.040 Thread 0x000001c347e83910 Thread added: 0x000001c347e83910
Event: 0.063 Thread 0x000001c366b37740 Thread added: 0x000001c366b37740
Event: 0.064 Thread 0x000001c366b38460 Thread added: 0x000001c366b38460
Event: 0.064 Thread 0x000001c366b3a9d0 Thread added: 0x000001c366b3a9d0
Event: 0.064 Thread 0x000001c366b3b430 Thread added: 0x000001c366b3b430
Event: 0.064 Thread 0x000001c366b3be90 Thread added: 0x000001c366b3be90
Event: 0.065 Thread 0x000001c366b3c8f0 Thread added: 0x000001c366b3c8f0
Event: 0.065 Thread 0x000001c366b49f10 Thread added: 0x000001c366b49f10
Event: 0.065 Thread 0x000001c366b4ca50 Thread added: 0x000001c366b4ca50
Event: 0.100 Thread 0x000001c36742b150 Thread added: 0x000001c36742b150
Event: 0.183 Thread 0x000001c367541210 Thread added: 0x000001c367541210
Event: 0.183 Thread 0x000001c3674dd3d0 Thread added: 0x000001c3674dd3d0


Dynamic libraries:
0x00007ff7082a0000 - 0x00007ff7082b0000 	C:\Program Files\Java\jdk-21\bin\java.exe
0x00007ffe4a890000 - 0x00007ffe4aaa6000 	C:\Windows\SYSTEM32\ntdll.dll
0x00007ffe49890000 - 0x00007ffe49954000 	C:\Windows\System32\KERNEL32.DLL
0x00007ffe47e70000 - 0x00007ffe48217000 	C:\Windows\System32\KERNELBASE.dll
0x00007ffe47d50000 - 0x00007ffe47e61000 	C:\Windows\System32\ucrtbase.dll
0x00007ffe42690000 - 0x00007ffe426ab000 	C:\Program Files\Java\jdk-21\bin\VCRUNTIME140.dll
0x00007ffe426b0000 - 0x00007ffe426c9000 	C:\Program Files\Java\jdk-21\bin\jli.dll
0x00007ffe4a340000 - 0x00007ffe4a3f2000 	C:\Windows\System32\ADVAPI32.dll
0x00007ffe48e20000 - 0x00007ffe48ec7000 	C:\Windows\System32\msvcrt.dll
0x00007ffe49500000 - 0x00007ffe495a8000 	C:\Windows\System32\sechost.dll
0x00007ffe48220000 - 0x00007ffe48248000 	C:\Windows\System32\bcrypt.dll
0x00007ffe4a1e0000 - 0x00007ffe4a2f5000 	C:\Windows\System32\RPCRT4.dll
0x00007ffe49290000 - 0x00007ffe4943e000 	C:\Windows\System32\USER32.dll
0x00007ffe48250000 - 0x00007ffe48276000 	C:\Windows\System32\win32u.dll
0x00007ffe2d4f0000 - 0x00007ffe2d783000 	C:\Windows\WinSxS\amd64_microsoft.windows.common-controls_6595b64144ccf1df_6.0.22621.3235_none_270f74e173860f98\COMCTL32.dll
0x00007ffe4a1b0000 - 0x00007ffe4a1d9000 	C:\Windows\System32\GDI32.dll
0x00007ffe47c30000 - 0x00007ffe47d49000 	C:\Windows\System32\gdi32full.dll
0x00007ffe484b0000 - 0x00007ffe4854a000 	C:\Windows\System32\msvcp_win.dll
0x00007ffe3f240000 - 0x00007ffe3f24a000 	C:\Windows\SYSTEM32\VERSION.dll
0x00007ffe4a300000 - 0x00007ffe4a331000 	C:\Windows\System32\IMM32.DLL
0x00007ffe42680000 - 0x00007ffe4268c000 	C:\Program Files\Java\jdk-21\bin\vcruntime140_1.dll
0x00007ffe3ba80000 - 0x00007ffe3bb0e000 	C:\Program Files\Java\jdk-21\bin\msvcp140.dll
0x00007ffdf9540000 - 0x00007ffdfa255000 	C:\Program Files\Java\jdk-21\bin\server\jvm.dll
0x00007ffe49f00000 - 0x00007ffe49f71000 	C:\Windows\System32\WS2_32.dll
0x00007ffe47a80000 - 0x00007ffe47acd000 	C:\Windows\SYSTEM32\POWRPROF.dll
0x00007ffe45790000 - 0x00007ffe457c4000 	C:\Windows\SYSTEM32\WINMM.dll
0x00007ffe47a60000 - 0x00007ffe47a73000 	C:\Windows\SYSTEM32\UMPDC.dll
0x00007ffe46bb0000 - 0x00007ffe46bc8000 	C:\Windows\SYSTEM32\kernel.appcore.dll
0x00007ffe425f0000 - 0x00007ffe425fa000 	C:\Program Files\Java\jdk-21\bin\jimage.dll
0x00007ffe45190000 - 0x00007ffe453c3000 	C:\Windows\SYSTEM32\DBGHELP.DLL
0x00007ffe4a4c0000 - 0x00007ffe4a848000 	C:\Windows\System32\combase.dll
0x00007ffe495b0000 - 0x00007ffe49687000 	C:\Windows\System32\OLEAUT32.dll
0x00007ffe3c4a0000 - 0x00007ffe3c4d2000 	C:\Windows\SYSTEM32\dbgcore.DLL
0x00007ffe47bb0000 - 0x00007ffe47c29000 	C:\Windows\System32\bcryptPrimitives.dll
0x00007ffe41ac0000 - 0x00007ffe41acf000 	C:\Program Files\Java\jdk-21\bin\instrument.dll
0x00007ffe3ea80000 - 0x00007ffe3ea9f000 	C:\Program Files\Java\jdk-21\bin\java.dll
0x00007ffe485c0000 - 0x00007ffe48e1c000 	C:\Windows\System32\SHELL32.dll
0x00007ffe45aa0000 - 0x00007ffe46399000 	C:\Windows\SYSTEM32\windows.storage.dll
0x00007ffe45960000 - 0x00007ffe45a9e000 	C:\Windows\SYSTEM32\wintypes.dll
0x00007ffe49e00000 - 0x00007ffe49ef3000 	C:\Windows\System32\SHCORE.dll
0x00007ffe49820000 - 0x00007ffe4987e000 	C:\Windows\System32\shlwapi.dll
0x00007ffe47ae0000 - 0x00007ffe47b01000 	C:\Windows\SYSTEM32\profapi.dll
0x00007ffe3b4c0000 - 0x00007ffe3b597000 	C:\Program Files\Java\jdk-21\bin\jsvml.dll
0x00007ffe3ba30000 - 0x00007ffe3ba48000 	C:\Program Files\Java\jdk-21\bin\zip.dll
0x00007ffe3ba70000 - 0x00007ffe3ba80000 	C:\Program Files\Java\jdk-21\bin\net.dll
0x00007ffe42030000 - 0x00007ffe42166000 	C:\Windows\SYSTEM32\WINHTTP.dll
0x00007ffe47040000 - 0x00007ffe470a9000 	C:\Windows\system32\mswsock.dll
0x00007ffe3ba50000 - 0x00007ffe3ba66000 	C:\Program Files\Java\jdk-21\bin\nio.dll
0x00007ffe3b800000 - 0x00007ffe3b81a000 	C:\Program Files\JetBrains\IntelliJ IDEA Community Edition 2023.3.6\bin\breakgen64.dll
0x00007ffe3b3e0000 - 0x00007ffe3b42a000 	C:\Windows\System32\libzkfp.dll
0x00007ffe3ae90000 - 0x00007ffe3aead000 	C:\Windows\SYSTEM32\ZKFPCap.dll
0x00007ffdfcd30000 - 0x00007ffdfce22000 	C:\Windows\SYSTEM32\fpslib.dll
0x00007ffe46650000 - 0x00007ffe4667d000 	C:\Windows\SYSTEM32\IPHLPAPI.DLL
0x00007ffe3ae70000 - 0x00007ffe3ae8d000 	C:\Windows\SYSTEM32\ZKFPSensors\libidfprcap.dll
0x00007ffe49980000 - 0x00007ffe49df4000 	C:\Windows\System32\SETUPAPI.dll
0x00007ffe477b0000 - 0x00007ffe477fe000 	C:\Windows\SYSTEM32\cfgmgr32.DLL
0x00007ffe3ae40000 - 0x00007ffe3ae6e000 	C:\Windows\SYSTEM32\ZKFPSensors\libsilkidcap.dll
0x0000000074830000 - 0x0000000074845000 	C:\Windows\SYSTEM32\libusb0.dll
0x00007ffe39550000 - 0x00007ffe3956b000 	C:\Windows\SYSTEM32\ZKFPSensors\libzkfpmodulecap.dll
0x00007ffe25a40000 - 0x00007ffe25a89000 	C:\Windows\SYSTEM32\ZKFPSensors\libzklibcap.dll
0x0000000180000000 - 0x0000000180023000 	C:\Windows\SYSTEM32\zkfpslibLow.dll
0x00007ffe3b660000 - 0x00007ffe3b667000 	C:\Program Files\Java\jdk-21\bin\extnet.dll
0x000001c36c000000 - 0x000001c36c97a000 	C:\Windows\SYSTEM32\fppswsk12.dll
0x00007ffe490c0000 - 0x00007ffe490c8000 	C:\Windows\System32\PSAPI.DLL
0x00007ffe32ca0000 - 0x00007ffe32d48000 	C:\Windows\SYSTEM32\WINSPOOL.DRV
0x000001c367c80000 - 0x000001c367dc4000 	C:\Windows\SYSTEM32\libiomp5md.dll
0x00007ffe47780000 - 0x00007ffe477ac000 	C:\Windows\SYSTEM32\DEVOBJ.dll
0x00007ffe48550000 - 0x00007ffe485bb000 	C:\Windows\System32\WINTRUST.dll
0x00007ffe48340000 - 0x00007ffe484a7000 	C:\Windows\System32\CRYPT32.dll
0x00007ffe47760000 - 0x00007ffe47772000 	C:\Windows\SYSTEM32\MSASN1.dll
0x00007ffe26490000 - 0x00007ffe264a7000 	C:\Windows\system32\napinsp.dll
0x00007ffe26470000 - 0x00007ffe2648b000 	C:\Windows\system32\pnrpnsp.dll
0x00007ffe46680000 - 0x00007ffe46779000 	C:\Windows\SYSTEM32\DNSAPI.dll
0x00007ffe490b0000 - 0x00007ffe490b9000 	C:\Windows\System32\NSI.dll
0x00007ffe24d70000 - 0x00007ffe24d81000 	C:\Windows\System32\winrnr.dll
0x00007ffe24d50000 - 0x00007ffe24d65000 	C:\Windows\system32\wshbth.dll
0x00007ffe24d20000 - 0x00007ffe24d41000 	C:\Windows\system32\nlansp_c.dll
0x00007ffe3a3c0000 - 0x00007ffe3a3ca000 	C:\Windows\System32\rasadhlp.dll
0x00007ffe41670000 - 0x00007ffe416f3000 	C:\Windows\System32\fwpuclnt.dll

dbghelp: loaded successfully - version: 4.0.5 - missing functions: none
symbol engine: initialized successfully - sym options: 0x614 - pdb path: .;C:\Program Files\Java\jdk-21\bin;C:\Windows\SYSTEM32;C:\Windows\WinSxS\amd64_microsoft.windows.common-controls_6595b64144ccf1df_6.0.22621.3235_none_270f74e173860f98;C:\Program Files\Java\jdk-21\bin\server;C:\Program Files\JetBrains\IntelliJ IDEA Community Edition 2023.3.6\bin;C:\Windows\SYSTEM32\ZKFPSensors

VM Arguments:
jvm_args: -javaagent:C:\Program Files\JetBrains\IntelliJ IDEA Community Edition 2023.3.6\lib\idea_rt.jar=53980:C:\Program Files\JetBrains\IntelliJ IDEA Community Edition 2023.3.6\bin -Dfile.encoding=UTF-8 -Dsun.stdout.encoding=UTF-8 -Dsun.stderr.encoding=UTF-8 
java_command: CapturaHuella
java_class_path (initial): C:\Users\wiccs\OneDrive\Escritorio\wiccs\Investigacion\Java\zk4500Java\out\production\zk4500Java;C:\Users\wiccs\Downloads\9774a946c3f659ddf2ae90bc8dadc3eb (1)\ZKFingerSDK_Windows_Standard\ZKFinger Standard SDK 5.3.0.33\Java\lib\ZKFingerReader.jar
Launcher Type: SUN_STANDARD

[Global flags]
     intx CICompilerCount                          = 4                                         {product} {ergonomic}
     uint ConcGCThreads                            = 3                                         {product} {ergonomic}
     uint G1ConcRefinementThreads                  = 10                                        {product} {ergonomic}
   size_t G1HeapRegionSize                         = 2097152                                   {product} {ergonomic}
    uintx GCDrainStackTargetSize                   = 64                                        {product} {ergonomic}
   size_t InitialHeapSize                          = 257949696                                 {product} {ergonomic}
   size_t MarkStackSize                            = 4194304                                   {product} {ergonomic}
   size_t MaxHeapSize                              = 4127195136                                {product} {ergonomic}
   size_t MaxNewSize                               = 2474639360                                {product} {ergonomic}
   size_t MinHeapDeltaBytes                        = 2097152                                   {product} {ergonomic}
   size_t MinHeapSize                              = 8388608                                   {product} {ergonomic}
    uintx NonNMethodCodeHeapSize                   = 5839372                                {pd product} {ergonomic}
    uintx NonProfiledCodeHeapSize                  = 122909434                              {pd product} {ergonomic}
     bool PerfDisableSharedMem                     = true                                      {product} {ergonomic}
    uintx ProfiledCodeHeapSize                     = 122909434                              {pd product} {ergonomic}
    uintx ReservedCodeCacheSize                    = 251658240                              {pd product} {ergonomic}
     bool SegmentedCodeCache                       = true                                      {product} {ergonomic}
   size_t SoftMaxHeapSize                          = 4127195136                             {manageable} {ergonomic}
     bool UseCompressedOops                        = true                           {product lp64_product} {ergonomic}
     bool UseG1GC                                  = true                                      {product} {ergonomic}
     bool UseLargePagesIndividualAllocation        = false                                  {pd product} {ergonomic}

Logging:
Log output configuration:
 #0: stdout all=warning uptime,level,tags foldmultilines=false
 #1: stderr all=off uptime,level,tags foldmultilines=false

Environment Variables:
PATH=C:\Program Files\Common Files\Oracle\Java\javapath;C:\Program Files (x86)\Common Files\Oracle\Java\javapath;C:\Windows\system32;C:\Windows;C:\Windows\System32\Wbem;C:\Windows\System32\WindowsPowerShell\v1.0\;C:\Windows\System32\OpenSSH\;C:\Program Files\Git\cmd;C:\Program Files\Microsoft SQL Server\150\Tools\Binn\;C:\Program Files\dotnet\;C:\Program Files\Microsoft SQL Server\Client SDK\ODBC\170\Tools\Binn\;C:\Users\wiccs\AppData\Local\Microsoft\WindowsApps;;C:\Users\wiccs\AppData\Local\Programs\Microsoft VS Code\bin;C:\Program Files\JetBrains\PyCharm Community Edition 2023.3.3\bin;;C:\Program Files\JetBrains\IntelliJ IDEA 2023.3.6\bin;;C:\Program Files\JetBrains\IntelliJ IDEA Community Edition 2023.3.6\bin;;C:\Users\wiccs\.dotnet\tools
USERNAME=wiccs
OS=Windows_NT
PROCESSOR_IDENTIFIER=AMD64 Family 23 Model 96 Stepping 1, AuthenticAMD
TMP=C:\Users\wiccs\AppData\Local\Temp
TEMP=C:\Users\wiccs\AppData\Local\Temp




Periodic native trim disabled

---------------  S Y S T E M  ---------------

OS:
 Windows 11 , 64 bit Build 22621 (10.0.22621.3374)
OS uptime: 1 days 2:18 hours
Hyper-V role detected

CPU: total 12 (initial active 12) (12 cores per cpu, 2 threads per core) family 23 model 96 stepping 1 microcode 0x0, cx8, cmov, fxsr, ht, mmx, 3dnowpref, sse, sse2, sse3, ssse3, sse4a, sse4.1, sse4.2, popcnt, lzcnt, tsc, tscinvbit, avx, avx2, aes, clmul, bmi1, bmi2, adx, sha, fma, vzeroupper, clflush, clflushopt, hv, rdtscp, rdpid, f16c
Processor Information for processor 0
  Max Mhz: 3000, Current Mhz: 3000, Mhz Limit: 3000
Processor Information for processor 1
  Max Mhz: 3000, Current Mhz: 3000, Mhz Limit: 3000
Processor Information for processor 2
  Max Mhz: 3000, Current Mhz: 3000, Mhz Limit: 3000
Processor Information for processor 3
  Max Mhz: 3000, Current Mhz: 3000, Mhz Limit: 3000
Processor Information for processor 4
  Max Mhz: 3000, Current Mhz: 1400, Mhz Limit: 3000
Processor Information for processor 5
  Max Mhz: 3000, Current Mhz: 1400, Mhz Limit: 3000
Processor Information for processor 6
  Max Mhz: 3000, Current Mhz: 1400, Mhz Limit: 3000
Processor Information for processor 7
  Max Mhz: 3000, Current Mhz: 1400, Mhz Limit: 3000
Processor Information for processor 8
  Max Mhz: 3000, Current Mhz: 3000, Mhz Limit: 3000
Processor Information for processor 9
  Max Mhz: 3000, Current Mhz: 3000, Mhz Limit: 3000
Processor Information for processor 10
  Max Mhz: 3000, Current Mhz: 1400, Mhz Limit: 3000
Processor Information for processor 11
  Max Mhz: 3000, Current Mhz: 1400, Mhz Limit: 3000

Memory: 4k page, system-wide physical 15741M (8082M free)
TotalPageFile size 18173M (AvailPageFile size 8243M)
current process WorkingSet (physical memory assigned to process): 46M, peak: 46M
current process commit charge ("private bytes"): 347M, peak: 347M

vm_info: Java HotSpot(TM) 64-Bit Server VM (21.0.1+12-LTS-29) for windows-amd64 JRE (21.0.1+12-LTS-29), built on 2023-10-05T13:27:09Z by "mach5one" with MS VC++ 17.1 (VS2022)

END.
